ERROR - 2026-03-07 00:22:28 --> You have an error in your SQL syntax; check the manual that corresponds to your MariaDB server version for the right syntax to use near 'ASC, "Senin" ASC, "Selasa" ASC, "Rabu" ASC, "Kamis" ASC, "Jumat" ASC, "Sabtu"...' at line 4
in SYSTEMPATH\Database\MySQLi\Connection.php on line 300.
 1 SYSTEMPATH\Database\MySQLi\Connection.php(300): mysqli->query('SELECT `jadwal_tugas`.*, `petugas`.`nama_petugas`
FROM `jadwal_tugas`
LEFT JOIN `petugas` ON `petugas`.`id_petugas` = `jadwal_tugas`.`id_petugas`
ORDER BY FIELD(hari_jadwal ASC, "Senin" ASC, "Selasa" ASC, "Rabu" ASC, "Kamis" ASC, "Jumat" ASC, "Sabtu" ASC, "Minggu") ASC, `jam_jadwal` ASC', 0)
 2 SYSTEMPATH\Database\BaseConnection.php(769): CodeIgniter\Database\MySQLi\Connection->execute('SELECT `jadwal_tugas`.*, `petugas`.`nama_petugas`
FROM `jadwal_tugas`
LEFT JOIN `petugas` ON `petugas`.`id_petugas` = `jadwal_tugas`.`id_petugas`
ORDER BY FIELD(hari_jadwal ASC, "Senin" ASC, "Selasa" ASC, "Rabu" ASC, "Kamis" ASC, "Jumat" ASC, "Sabtu" ASC, "Minggu") ASC, `jam_jadwal` ASC')
 3 SYSTEMPATH\Database\BaseConnection.php(686): CodeIgniter\Database\BaseConnection->simpleQuery('SELECT `jadwal_tugas`.*, `petugas`.`nama_petugas`
FROM `jadwal_tugas`
LEFT JOIN `petugas` ON `petugas`.`id_petugas` = `jadwal_tugas`.`id_petugas`
ORDER BY FIELD(hari_jadwal ASC, "Senin" ASC, "Selasa" ASC, "Rabu" ASC, "Kamis" ASC, "Jumat" ASC, "Sabtu" ASC, "Minggu") ASC, `jam_jadwal` ASC')
 4 SYSTEMPATH\Database\BaseBuilder.php(1649): CodeIgniter\Database\BaseConnection->query('SELECT `jadwal_tugas`.*, `petugas`.`nama_petugas`
FROM `jadwal_tugas`
LEFT JOIN `petugas` ON `petugas`.`id_petugas` = `jadwal_tugas`.`id_petugas`
ORDER BY FIELD(hari_jadwal ASC, "Senin" ASC, "Selasa" ASC, "Rabu" ASC, "Kamis" ASC, "Jumat" ASC, "Sabtu" ASC, "Minggu") ASC, `jam_jadwal` ASC', [], false)
 5 SYSTEMPATH\Model.php(254): CodeIgniter\Database\BaseBuilder->get()
 6 SYSTEMPATH\BaseModel.php(675): CodeIgniter\Model->doFindAll(0, 0)
 7 APPPATH\Models\JadwalModel.php(37): CodeIgniter\BaseModel->findAll()
 8 APPPATH\Controllers\Jadwal.php(22): App\Models\JadwalModel->getJadwalWithPetugas()
 9 SYSTEMPATH\CodeIgniter.php(951): App\Controllers\Jadwal->index()
10 SYSTEMPATH\CodeIgniter.php(497): CodeIgniter\CodeIgniter->runController(Object(App\Controllers\Jadwal))
11 SYSTEMPATH\CodeIgniter.php(340): CodeIgniter\CodeIgniter->handleRequest(null, Object(Config\Cache), false)
12 SYSTEMPATH\Boot.php(417): CodeIgniter\CodeIgniter->run()
13 SYSTEMPATH\Boot.php(68): CodeIgniter\Boot::runCodeIgniter(Object(CodeIgniter\CodeIgniter))
14 FCPATH\index.php(59): CodeIgniter\Boot::bootWeb(Object(Config\Paths))
15 SYSTEMPATH\rewrite.php(44): require_once('C:\\xampp\\htdocs\\tugas_sosmed\\public\\index.php')
CRITICAL - 2026-03-07 00:22:28 --> CodeIgniter\Database\Exceptions\DatabaseException: You have an error in your SQL syntax; check the manual that corresponds to your MariaDB server version for the right syntax to use near 'ASC, "Senin" ASC, "Selasa" ASC, "Rabu" ASC, "Kamis" ASC, "Jumat" ASC, "Sabtu"...' at line 4
[Method: GET, Route: jadwal]
in SYSTEMPATH\Database\BaseConnection.php on line 724.
 1 SYSTEMPATH\Database\BaseBuilder.php(1649): CodeIgniter\Database\BaseConnection->query('SELECT `jadwal_tugas`.*, `petugas`.`nama_petugas`
FROM `jadwal_tugas`
LEFT JOIN `petugas` ON `petugas`.`id_petugas` = `jadwal_tugas`.`id_petugas`
ORDER BY FIELD(hari_jadwal ASC, "Senin" ASC, "Selasa" ASC, "Rabu" ASC, "Kamis" ASC, "Jumat" ASC, "Sabtu" ASC, "Minggu") ASC, `jam_jadwal` ASC', [], false)
 2 SYSTEMPATH\Model.php(254): CodeIgniter\Database\BaseBuilder->get()
 3 SYSTEMPATH\BaseModel.php(675): CodeIgniter\Model->doFindAll(0, 0)
 4 APPPATH\Models\JadwalModel.php(37): CodeIgniter\BaseModel->findAll()
 5 APPPATH\Controllers\Jadwal.php(22): App\Models\JadwalModel->getJadwalWithPetugas()
 6 SYSTEMPATH\CodeIgniter.php(951): App\Controllers\Jadwal->index()
 7 SYSTEMPATH\CodeIgniter.php(497): CodeIgniter\CodeIgniter->runController(Object(App\Controllers\Jadwal))
 8 SYSTEMPATH\CodeIgniter.php(340): CodeIgniter\CodeIgniter->handleRequest(null, Object(Config\Cache), false)
 9 SYSTEMPATH\Boot.php(417): CodeIgniter\CodeIgniter->run()
10 SYSTEMPATH\Boot.php(68): CodeIgniter\Boot::runCodeIgniter(Object(CodeIgniter\CodeIgniter))
11 FCPATH\index.php(59): CodeIgniter\Boot::bootWeb(Object(Config\Paths))
12 SYSTEMPATH\rewrite.php(44): require_once('C:\\xampp\\htdocs\\tugas_sosmed\\public\\index.php')
CRITICAL - 2026-03-07 00:22:28 --> [Caused by] CodeIgniter\Database\Exceptions\DatabaseException: You have an error in your SQL syntax; check the manual that corresponds to your MariaDB server version for the right syntax to use near 'ASC, "Senin" ASC, "Selasa" ASC, "Rabu" ASC, "Kamis" ASC, "Jumat" ASC, "Sabtu"...' at line 4
in SYSTEMPATH\Database\MySQLi\Connection.php on line 310.
 1 SYSTEMPATH\Database\BaseConnection.php(769): CodeIgniter\Database\MySQLi\Connection->execute('SELECT `jadwal_tugas`.*, `petugas`.`nama_petugas`
FROM `jadwal_tugas`
LEFT JOIN `petugas` ON `petugas`.`id_petugas` = `jadwal_tugas`.`id_petugas`
ORDER BY FIELD(hari_jadwal ASC, "Senin" ASC, "Selasa" ASC, "Rabu" ASC, "Kamis" ASC, "Jumat" ASC, "Sabtu" ASC, "Minggu") ASC, `jam_jadwal` ASC')
 2 SYSTEMPATH\Database\BaseConnection.php(686): CodeIgniter\Database\BaseConnection->simpleQuery('SELECT `jadwal_tugas`.*, `petugas`.`nama_petugas`
FROM `jadwal_tugas`
LEFT JOIN `petugas` ON `petugas`.`id_petugas` = `jadwal_tugas`.`id_petugas`
ORDER BY FIELD(hari_jadwal ASC, "Senin" ASC, "Selasa" ASC, "Rabu" ASC, "Kamis" ASC, "Jumat" ASC, "Sabtu" ASC, "Minggu") ASC, `jam_jadwal` ASC')
 3 SYSTEMPATH\Database\BaseBuilder.php(1649): CodeIgniter\Database\BaseConnection->query('SELECT `jadwal_tugas`.*, `petugas`.`nama_petugas`
FROM `jadwal_tugas`
LEFT JOIN `petugas` ON `petugas`.`id_petugas` = `jadwal_tugas`.`id_petugas`
ORDER BY FIELD(hari_jadwal ASC, "Senin" ASC, "Selasa" ASC, "Rabu" ASC, "Kamis" ASC, "Jumat" ASC, "Sabtu" ASC, "Minggu") ASC, `jam_jadwal` ASC', [], false)
 4 SYSTEMPATH\Model.php(254): CodeIgniter\Database\BaseBuilder->get()
 5 SYSTEMPATH\BaseModel.php(675): CodeIgniter\Model->doFindAll(0, 0)
 6 APPPATH\Models\JadwalModel.php(37): CodeIgniter\BaseModel->findAll()
 7 APPPATH\Controllers\Jadwal.php(22): App\Models\JadwalModel->getJadwalWithPetugas()
 8 SYSTEMPATH\CodeIgniter.php(951): App\Controllers\Jadwal->index()
 9 SYSTEMPATH\CodeIgniter.php(497): CodeIgniter\CodeIgniter->runController(Object(App\Controllers\Jadwal))
10 SYSTEMPATH\CodeIgniter.php(340): CodeIgniter\CodeIgniter->handleRequest(null, Object(Config\Cache), false)
11 SYSTEMPATH\Boot.php(417): CodeIgniter\CodeIgniter->run()
12 SYSTEMPATH\Boot.php(68): CodeIgniter\Boot::runCodeIgniter(Object(CodeIgniter\CodeIgniter))
13 FCPATH\index.php(59): CodeIgniter\Boot::bootWeb(Object(Config\Paths))
14 SYSTEMPATH\rewrite.php(44): require_once('C:\\xampp\\htdocs\\tugas_sosmed\\public\\index.php')
CRITICAL - 2026-03-07 00:22:28 --> [Caused by] mysqli_sql_exception: You have an error in your SQL syntax; check the manual that corresponds to your MariaDB server version for the right syntax to use near 'ASC, "Senin" ASC, "Selasa" ASC, "Rabu" ASC, "Kamis" ASC, "Jumat" ASC, "Sabtu"...' at line 4
in SYSTEMPATH\Database\MySQLi\Connection.php on line 300.
 1 SYSTEMPATH\Database\MySQLi\Connection.php(300): mysqli->query('SELECT `jadwal_tugas`.*, `petugas`.`nama_petugas`
FROM `jadwal_tugas`
LEFT JOIN `petugas` ON `petugas`.`id_petugas` = `jadwal_tugas`.`id_petugas`
ORDER BY FIELD(hari_jadwal ASC, "Senin" ASC, "Selasa" ASC, "Rabu" ASC, "Kamis" ASC, "Jumat" ASC, "Sabtu" ASC, "Minggu") ASC, `jam_jadwal` ASC', 0)
 2 SYSTEMPATH\Database\BaseConnection.php(769): CodeIgniter\Database\MySQLi\Connection->execute('SELECT `jadwal_tugas`.*, `petugas`.`nama_petugas`
FROM `jadwal_tugas`
LEFT JOIN `petugas` ON `petugas`.`id_petugas` = `jadwal_tugas`.`id_petugas`
ORDER BY FIELD(hari_jadwal ASC, "Senin" ASC, "Selasa" ASC, "Rabu" ASC, "Kamis" ASC, "Jumat" ASC, "Sabtu" ASC, "Minggu") ASC, `jam_jadwal` ASC')
 3 SYSTEMPATH\Database\BaseConnection.php(686): CodeIgniter\Database\BaseConnection->simpleQuery('SELECT `jadwal_tugas`.*, `petugas`.`nama_petugas`
FROM `jadwal_tugas`
LEFT JOIN `petugas` ON `petugas`.`id_petugas` = `jadwal_tugas`.`id_petugas`
ORDER BY FIELD(hari_jadwal ASC, "Senin" ASC, "Selasa" ASC, "Rabu" ASC, "Kamis" ASC, "Jumat" ASC, "Sabtu" ASC, "Minggu") ASC, `jam_jadwal` ASC')
 4 SYSTEMPATH\Database\BaseBuilder.php(1649): CodeIgniter\Database\BaseConnection->query('SELECT `jadwal_tugas`.*, `petugas`.`nama_petugas`
FROM `jadwal_tugas`
LEFT JOIN `petugas` ON `petugas`.`id_petugas` = `jadwal_tugas`.`id_petugas`
ORDER BY FIELD(hari_jadwal ASC, "Senin" ASC, "Selasa" ASC, "Rabu" ASC, "Kamis" ASC, "Jumat" ASC, "Sabtu" ASC, "Minggu") ASC, `jam_jadwal` ASC', [], false)
 5 SYSTEMPATH\Model.php(254): CodeIgniter\Database\BaseBuilder->get()
 6 SYSTEMPATH\BaseModel.php(675): CodeIgniter\Model->doFindAll(0, 0)
 7 APPPATH\Models\JadwalModel.php(37): CodeIgniter\BaseModel->findAll()
 8 APPPATH\Controllers\Jadwal.php(22): App\Models\JadwalModel->getJadwalWithPetugas()
 9 SYSTEMPATH\CodeIgniter.php(951): App\Controllers\Jadwal->index()
10 SYSTEMPATH\CodeIgniter.php(497): CodeIgniter\CodeIgniter->runController(Object(App\Controllers\Jadwal))
11 SYSTEMPATH\CodeIgniter.php(340): CodeIgniter\CodeIgniter->handleRequest(null, Object(Config\Cache), false)
12 SYSTEMPATH\Boot.php(417): CodeIgniter\CodeIgniter->run()
13 SYSTEMPATH\Boot.php(68): CodeIgniter\Boot::runCodeIgniter(Object(CodeIgniter\CodeIgniter))
14 FCPATH\index.php(59): CodeIgniter\Boot::bootWeb(Object(Config\Paths))
15 SYSTEMPATH\rewrite.php(44): require_once('C:\\xampp\\htdocs\\tugas_sosmed\\public\\index.php')
DEBUG - 2026-03-07 00:32:38 --> Session: Class initialized using 'CodeIgniter\Session\Handlers\FileHandler' driver.
DEBUG - 2026-03-07 00:37:31 --> Session: Class initialized using 'CodeIgniter\Session\Handlers\FileHandler' driver.
DEBUG - 2026-03-07 00:37:34 --> Session: Class initialized using 'CodeIgniter\Session\Handlers\FileHandler' driver.
DEBUG - 2026-03-07 00:38:22 --> Session: Class initialized using 'CodeIgniter\Session\Handlers\FileHandler' driver.
DEBUG - 2026-03-07 00:38:24 --> Session: Class initialized using 'CodeIgniter\Session\Handlers\FileHandler' driver.
DEBUG - 2026-03-07 00:45:44 --> Session: Class initialized using 'CodeIgniter\Session\Handlers\FileHandler' driver.
DEBUG - 2026-03-07 00:45:48 --> Session: Class initialized using 'CodeIgniter\Session\Handlers\FileHandler' driver.
DEBUG - 2026-03-07 00:45:50 --> Session: Class initialized using 'CodeIgniter\Session\Handlers\FileHandler' driver.
DEBUG - 2026-03-07 00:45:55 --> Session: Class initialized using 'CodeIgniter\Session\Handlers\FileHandler' driver.
DEBUG - 2026-03-07 00:48:23 --> Session: Class initialized using 'CodeIgniter\Session\Handlers\FileHandler' driver.
DEBUG - 2026-03-07 00:48:26 --> Session: Class initialized using 'CodeIgniter\Session\Handlers\FileHandler' driver.
DEBUG - 2026-03-07 00:48:31 --> Session: Class initialized using 'CodeIgniter\Session\Handlers\FileHandler' driver.
DEBUG - 2026-03-07 00:49:04 --> Session: Class initialized using 'CodeIgniter\Session\Handlers\FileHandler' driver.
DEBUG - 2026-03-07 00:49:12 --> Session: Class initialized using 'CodeIgniter\Session\Handlers\FileHandler' driver.
DEBUG - 2026-03-07 00:49:54 --> Session: Class initialized using 'CodeIgniter\Session\Handlers\FileHandler' driver.
DEBUG - 2026-03-07 00:54:16 --> Session: Class initialized using 'CodeIgniter\Session\Handlers\FileHandler' driver.
DEBUG - 2026-03-07 00:54:25 --> Session: Class initialized using 'CodeIgniter\Session\Handlers\FileHandler' driver.
DEBUG - 2026-03-07 00:54:28 --> Session: Class initialized using 'CodeIgniter\Session\Handlers\FileHandler' driver.
DEBUG - 2026-03-07 00:54:30 --> Session: Class initialized using 'CodeIgniter\Session\Handlers\FileHandler' driver.
DEBUG - 2026-03-07 00:55:04 --> Session: Class initialized using 'CodeIgniter\Session\Handlers\FileHandler' driver.
DEBUG - 2026-03-07 00:55:07 --> Session: Class initialized using 'CodeIgniter\Session\Handlers\FileHandler' driver.
DEBUG - 2026-03-07 00:55:12 --> Session: Class initialized using 'CodeIgniter\Session\Handlers\FileHandler' driver.
DEBUG - 2026-03-07 00:58:01 --> Session: Class initialized using 'CodeIgniter\Session\Handlers\FileHandler' driver.
DEBUG - 2026-03-07 00:58:02 --> Session: Class initialized using 'CodeIgniter\Session\Handlers\FileHandler' driver.
DEBUG - 2026-03-07 00:58:06 --> Session: Class initialized using 'CodeIgniter\Session\Handlers\FileHandler' driver.
DEBUG - 2026-03-07 00:58:07 --> Session: Class initialized using 'CodeIgniter\Session\Handlers\FileHandler' driver.
DEBUG - 2026-03-07 00:58:09 --> Session: Class initialized using 'CodeIgniter\Session\Handlers\FileHandler' driver.
DEBUG - 2026-03-07 00:58:10 --> Session: Class initialized using 'CodeIgniter\Session\Handlers\FileHandler' driver.
DEBUG - 2026-03-07 00:58:17 --> Session: Class initialized using 'CodeIgniter\Session\Handlers\FileHandler' driver.
DEBUG - 2026-03-07 00:58:19 --> Session: Class initialized using 'CodeIgniter\Session\Handlers\FileHandler' driver.
DEBUG - 2026-03-07 00:58:21 --> Session: Class initialized using 'CodeIgniter\Session\Handlers\FileHandler' driver.
DEBUG - 2026-03-07 00:58:35 --> Session: Class initialized using 'CodeIgniter\Session\Handlers\FileHandler' driver.
DEBUG - 2026-03-07 00:58:36 --> Session: Class initialized using 'CodeIgniter\Session\Handlers\FileHandler' driver.
DEBUG - 2026-03-07 00:58:40 --> Session: Class initialized using 'CodeIgniter\Session\Handlers\FileHandler' driver.
DEBUG - 2026-03-07 00:58:41 --> Session: Class initialized using 'CodeIgniter\Session\Handlers\FileHandler' driver.
DEBUG - 2026-03-07 01:01:18 --> Session: Class initialized using 'CodeIgniter\Session\Handlers\FileHandler' driver.
DEBUG - 2026-03-07 01:01:21 --> Session: Class initialized using 'CodeIgniter\Session\Handlers\FileHandler' driver.
DEBUG - 2026-03-07 01:01:23 --> Session: Class initialized using 'CodeIgniter\Session\Handlers\FileHandler' driver.
DEBUG - 2026-03-07 01:01:26 --> Session: Class initialized using 'CodeIgniter\Session\Handlers\FileHandler' driver.
DEBUG - 2026-03-07 01:16:38 --> Session: Class initialized using 'CodeIgniter\Session\Handlers\FileHandler' driver.
DEBUG - 2026-03-07 01:16:40 --> Session: Class initialized using 'CodeIgniter\Session\Handlers\FileHandler' driver.
DEBUG - 2026-03-07 01:16:43 --> Session: Class initialized using 'CodeIgniter\Session\Handlers\FileHandler' driver.
DEBUG - 2026-03-07 01:16:46 --> Session: Class initialized using 'CodeIgniter\Session\Handlers\FileHandler' driver.
INFO - 2026-03-07 01:17:07 --> CSRF token verified.
ERROR - 2026-03-07 01:17:07 --> Table 'tugas_sosmed.whatsapp' doesn't exist
in SYSTEMPATH\Database\MySQLi\Connection.php on line 300.
 1 SYSTEMPATH\Database\MySQLi\Connection.php(300): mysqli->query('SELECT 1
FROM `whatsapp`
WHERE `id_wa` = \'WA001\'
 LIMIT 1', 0)
 2 SYSTEMPATH\Database\BaseConnection.php(769): CodeIgniter\Database\MySQLi\Connection->execute('SELECT 1
FROM `whatsapp`
WHERE `id_wa` = \'WA001\'
 LIMIT 1')
 3 SYSTEMPATH\Database\BaseConnection.php(686): CodeIgniter\Database\BaseConnection->simpleQuery('SELECT 1
FROM `whatsapp`
WHERE `id_wa` = \'WA001\'
 LIMIT 1')
 4 SYSTEMPATH\Database\BaseBuilder.php(1649): CodeIgniter\Database\BaseConnection->query('SELECT 1
FROM `whatsapp`
WHERE `id_wa` = :id_wa:
 LIMIT 1', [...], false)
 5 SYSTEMPATH\Validation\Rules.php(175): CodeIgniter\Database\BaseBuilder->get()
 6 SYSTEMPATH\Validation\StrictRules\Rules.php(187): CodeIgniter\Validation\Rules->is_unique('WA001', 'whatsapp.id_wa', [...])
 7 SYSTEMPATH\Validation\Validation.php(336): CodeIgniter\Validation\StrictRules\Rules->is_unique('WA001', 'whatsapp.id_wa', [...], null, 'id_wa')
 8 SYSTEMPATH\Validation\Validation.php(201): CodeIgniter\Validation\Validation->processRules('id_wa', 'id_wa', 'WA001', [...], [...], 'id_wa')
 9 SYSTEMPATH\Controller.php(136): CodeIgniter\Validation\Validation->run()
10 APPPATH\Controllers\Whatsapp.php(49): CodeIgniter\Controller->validate([...])
11 SYSTEMPATH\CodeIgniter.php(951): App\Controllers\Whatsapp->store()
12 SYSTEMPATH\CodeIgniter.php(497): CodeIgniter\CodeIgniter->runController(Object(App\Controllers\Whatsapp))
13 SYSTEMPATH\CodeIgniter.php(340): CodeIgniter\CodeIgniter->handleRequest(null, Object(Config\Cache), false)
14 SYSTEMPATH\Boot.php(417): CodeIgniter\CodeIgniter->run()
15 SYSTEMPATH\Boot.php(68): CodeIgniter\Boot::runCodeIgniter(Object(CodeIgniter\CodeIgniter))
16 FCPATH\index.php(59): CodeIgniter\Boot::bootWeb(Object(Config\Paths))
17 SYSTEMPATH\rewrite.php(44): require_once('C:\\xampp\\htdocs\\tugas_sosmed\\public\\index.php')
CRITICAL - 2026-03-07 01:17:07 --> CodeIgniter\Database\Exceptions\DatabaseException: Table 'tugas_sosmed.whatsapp' doesn't exist
[Method: POST, Route: whatsapp/store]
in SYSTEMPATH\Database\BaseConnection.php on line 724.
 1 SYSTEMPATH\Database\BaseBuilder.php(1649): CodeIgniter\Database\BaseConnection->query('SELECT 1
FROM `whatsapp`
WHERE `id_wa` = :id_wa:
 LIMIT 1', [...], false)
 2 SYSTEMPATH\Validation\Rules.php(175): CodeIgniter\Database\BaseBuilder->get()
 3 SYSTEMPATH\Validation\StrictRules\Rules.php(187): CodeIgniter\Validation\Rules->is_unique('WA001', 'whatsapp.id_wa', [...])
 4 SYSTEMPATH\Validation\Validation.php(336): CodeIgniter\Validation\StrictRules\Rules->is_unique('WA001', 'whatsapp.id_wa', [...], null, 'id_wa')
 5 SYSTEMPATH\Validation\Validation.php(201): CodeIgniter\Validation\Validation->processRules('id_wa', 'id_wa', 'WA001', [...], [...], 'id_wa')
 6 SYSTEMPATH\Controller.php(136): CodeIgniter\Validation\Validation->run()
 7 APPPATH\Controllers\Whatsapp.php(49): CodeIgniter\Controller->validate([...])
 8 SYSTEMPATH\CodeIgniter.php(951): App\Controllers\Whatsapp->store()
 9 SYSTEMPATH\CodeIgniter.php(497): CodeIgniter\CodeIgniter->runController(Object(App\Controllers\Whatsapp))
10 SYSTEMPATH\CodeIgniter.php(340): CodeIgniter\CodeIgniter->handleRequest(null, Object(Config\Cache), false)
11 SYSTEMPATH\Boot.php(417): CodeIgniter\CodeIgniter->run()
12 SYSTEMPATH\Boot.php(68): CodeIgniter\Boot::runCodeIgniter(Object(CodeIgniter\CodeIgniter))
13 FCPATH\index.php(59): CodeIgniter\Boot::bootWeb(Object(Config\Paths))
14 SYSTEMPATH\rewrite.php(44): require_once('C:\\xampp\\htdocs\\tugas_sosmed\\public\\index.php')
CRITICAL - 2026-03-07 01:17:07 --> [Caused by] CodeIgniter\Database\Exceptions\DatabaseException: Table 'tugas_sosmed.whatsapp' doesn't exist
in SYSTEMPATH\Database\MySQLi\Connection.php on line 310.
 1 SYSTEMPATH\Database\BaseConnection.php(769): CodeIgniter\Database\MySQLi\Connection->execute('SELECT 1
FROM `whatsapp`
WHERE `id_wa` = \'WA001\'
 LIMIT 1')
 2 SYSTEMPATH\Database\BaseConnection.php(686): CodeIgniter\Database\BaseConnection->simpleQuery('SELECT 1
FROM `whatsapp`
WHERE `id_wa` = \'WA001\'
 LIMIT 1')
 3 SYSTEMPATH\Database\BaseBuilder.php(1649): CodeIgniter\Database\BaseConnection->query('SELECT 1
FROM `whatsapp`
WHERE `id_wa` = :id_wa:
 LIMIT 1', [...], false)
 4 SYSTEMPATH\Validation\Rules.php(175): CodeIgniter\Database\BaseBuilder->get()
 5 SYSTEMPATH\Validation\StrictRules\Rules.php(187): CodeIgniter\Validation\Rules->is_unique('WA001', 'whatsapp.id_wa', [...])
 6 SYSTEMPATH\Validation\Validation.php(336): CodeIgniter\Validation\StrictRules\Rules->is_unique('WA001', 'whatsapp.id_wa', [...], null, 'id_wa')
 7 SYSTEMPATH\Validation\Validation.php(201): CodeIgniter\Validation\Validation->processRules('id_wa', 'id_wa', 'WA001', [...], [...], 'id_wa')
 8 SYSTEMPATH\Controller.php(136): CodeIgniter\Validation\Validation->run()
 9 APPPATH\Controllers\Whatsapp.php(49): CodeIgniter\Controller->validate([...])
10 SYSTEMPATH\CodeIgniter.php(951): App\Controllers\Whatsapp->store()
11 SYSTEMPATH\CodeIgniter.php(497): CodeIgniter\CodeIgniter->runController(Object(App\Controllers\Whatsapp))
12 SYSTEMPATH\CodeIgniter.php(340): CodeIgniter\CodeIgniter->handleRequest(null, Object(Config\Cache), false)
13 SYSTEMPATH\Boot.php(417): CodeIgniter\CodeIgniter->run()
14 SYSTEMPATH\Boot.php(68): CodeIgniter\Boot::runCodeIgniter(Object(CodeIgniter\CodeIgniter))
15 FCPATH\index.php(59): CodeIgniter\Boot::bootWeb(Object(Config\Paths))
16 SYSTEMPATH\rewrite.php(44): require_once('C:\\xampp\\htdocs\\tugas_sosmed\\public\\index.php')
CRITICAL - 2026-03-07 01:17:07 --> [Caused by] mysqli_sql_exception: Table 'tugas_sosmed.whatsapp' doesn't exist
in SYSTEMPATH\Database\MySQLi\Connection.php on line 300.
 1 SYSTEMPATH\Database\MySQLi\Connection.php(300): mysqli->query('SELECT 1
FROM `whatsapp`
WHERE `id_wa` = \'WA001\'
 LIMIT 1', 0)
 2 SYSTEMPATH\Database\BaseConnection.php(769): CodeIgniter\Database\MySQLi\Connection->execute('SELECT 1
FROM `whatsapp`
WHERE `id_wa` = \'WA001\'
 LIMIT 1')
 3 SYSTEMPATH\Database\BaseConnection.php(686): CodeIgniter\Database\BaseConnection->simpleQuery('SELECT 1
FROM `whatsapp`
WHERE `id_wa` = \'WA001\'
 LIMIT 1')
 4 SYSTEMPATH\Database\BaseBuilder.php(1649): CodeIgniter\Database\BaseConnection->query('SELECT 1
FROM `whatsapp`
WHERE `id_wa` = :id_wa:
 LIMIT 1', [...], false)
 5 SYSTEMPATH\Validation\Rules.php(175): CodeIgniter\Database\BaseBuilder->get()
 6 SYSTEMPATH\Validation\StrictRules\Rules.php(187): CodeIgniter\Validation\Rules->is_unique('WA001', 'whatsapp.id_wa', [...])
 7 SYSTEMPATH\Validation\Validation.php(336): CodeIgniter\Validation\StrictRules\Rules->is_unique('WA001', 'whatsapp.id_wa', [...], null, 'id_wa')
 8 SYSTEMPATH\Validation\Validation.php(201): CodeIgniter\Validation\Validation->processRules('id_wa', 'id_wa', 'WA001', [...], [...], 'id_wa')
 9 SYSTEMPATH\Controller.php(136): CodeIgniter\Validation\Validation->run()
10 APPPATH\Controllers\Whatsapp.php(49): CodeIgniter\Controller->validate([...])
11 SYSTEMPATH\CodeIgniter.php(951): App\Controllers\Whatsapp->store()
12 SYSTEMPATH\CodeIgniter.php(497): CodeIgniter\CodeIgniter->runController(Object(App\Controllers\Whatsapp))
13 SYSTEMPATH\CodeIgniter.php(340): CodeIgniter\CodeIgniter->handleRequest(null, Object(Config\Cache), false)
14 SYSTEMPATH\Boot.php(417): CodeIgniter\CodeIgniter->run()
15 SYSTEMPATH\Boot.php(68): CodeIgniter\Boot::runCodeIgniter(Object(CodeIgniter\CodeIgniter))
16 FCPATH\index.php(59): CodeIgniter\Boot::bootWeb(Object(Config\Paths))
17 SYSTEMPATH\rewrite.php(44): require_once('C:\\xampp\\htdocs\\tugas_sosmed\\public\\index.php')
DEBUG - 2026-03-07 01:23:46 --> Session: Class initialized using 'CodeIgniter\Session\Handlers\FileHandler' driver.
DEBUG - 2026-03-07 01:23:48 --> Session: Class initialized using 'CodeIgniter\Session\Handlers\FileHandler' driver.
INFO - 2026-03-07 01:35:05 --> CSRF token verified.
DEBUG - 2026-03-07 01:35:06 --> Session: Class initialized using 'CodeIgniter\Session\Handlers\FileHandler' driver.
DEBUG - 2026-03-07 01:35:06 --> Session: Class initialized using 'CodeIgniter\Session\Handlers\FileHandler' driver.
DEBUG - 2026-03-07 01:35:21 --> Session: Class initialized using 'CodeIgniter\Session\Handlers\FileHandler' driver.
DEBUG - 2026-03-07 01:35:24 --> Session: Class initialized using 'CodeIgniter\Session\Handlers\FileHandler' driver.
DEBUG - 2026-03-07 01:36:13 --> Session: Class initialized using 'CodeIgniter\Session\Handlers\FileHandler' driver.
DEBUG - 2026-03-07 01:37:04 --> Session: Class initialized using 'CodeIgniter\Session\Handlers\FileHandler' driver.
DEBUG - 2026-03-07 01:37:06 --> Session: Class initialized using 'CodeIgniter\Session\Handlers\FileHandler' driver.
ERROR - 2026-03-07 01:37:17 --> You have an error in your SQL syntax; check the manual that corresponds to your MariaDB server version for the right syntax to use near 'ASC, "Senin" ASC, "Selasa" ASC, "Rabu" ASC, "Kamis" ASC, "Jumat" ASC, "Sabtu"...' at line 4
in SYSTEMPATH\Database\MySQLi\Connection.php on line 300.
 1 SYSTEMPATH\Database\MySQLi\Connection.php(300): mysqli->query('SELECT `jadwal_tugas`.*, `petugas`.`nama_petugas`
FROM `jadwal_tugas`
LEFT JOIN `petugas` ON `petugas`.`id_petugas` = `jadwal_tugas`.`id_petugas`
ORDER BY FIELD(hari_jadwal ASC, "Senin" ASC, "Selasa" ASC, "Rabu" ASC, "Kamis" ASC, "Jumat" ASC, "Sabtu" ASC, "Minggu") ASC, `jam_jadwal` ASC', 0)
 2 SYSTEMPATH\Database\BaseConnection.php(769): CodeIgniter\Database\MySQLi\Connection->execute('SELECT `jadwal_tugas`.*, `petugas`.`nama_petugas`
FROM `jadwal_tugas`
LEFT JOIN `petugas` ON `petugas`.`id_petugas` = `jadwal_tugas`.`id_petugas`
ORDER BY FIELD(hari_jadwal ASC, "Senin" ASC, "Selasa" ASC, "Rabu" ASC, "Kamis" ASC, "Jumat" ASC, "Sabtu" ASC, "Minggu") ASC, `jam_jadwal` ASC')
 3 SYSTEMPATH\Database\BaseConnection.php(686): CodeIgniter\Database\BaseConnection->simpleQuery('SELECT `jadwal_tugas`.*, `petugas`.`nama_petugas`
FROM `jadwal_tugas`
LEFT JOIN `petugas` ON `petugas`.`id_petugas` = `jadwal_tugas`.`id_petugas`
ORDER BY FIELD(hari_jadwal ASC, "Senin" ASC, "Selasa" ASC, "Rabu" ASC, "Kamis" ASC, "Jumat" ASC, "Sabtu" ASC, "Minggu") ASC, `jam_jadwal` ASC')
 4 SYSTEMPATH\Database\BaseBuilder.php(1649): CodeIgniter\Database\BaseConnection->query('SELECT `jadwal_tugas`.*, `petugas`.`nama_petugas`
FROM `jadwal_tugas`
LEFT JOIN `petugas` ON `petugas`.`id_petugas` = `jadwal_tugas`.`id_petugas`
ORDER BY FIELD(hari_jadwal ASC, "Senin" ASC, "Selasa" ASC, "Rabu" ASC, "Kamis" ASC, "Jumat" ASC, "Sabtu" ASC, "Minggu") ASC, `jam_jadwal` ASC', [], false)
 5 SYSTEMPATH\Model.php(254): CodeIgniter\Database\BaseBuilder->get()
 6 SYSTEMPATH\BaseModel.php(675): CodeIgniter\Model->doFindAll(0, 0)
 7 APPPATH\Models\JadwalModel.php(37): CodeIgniter\BaseModel->findAll()
 8 APPPATH\Controllers\Jadwal.php(22): App\Models\JadwalModel->getJadwalWithPetugas()
 9 SYSTEMPATH\CodeIgniter.php(951): App\Controllers\Jadwal->index()
10 SYSTEMPATH\CodeIgniter.php(497): CodeIgniter\CodeIgniter->runController(Object(App\Controllers\Jadwal))
11 SYSTEMPATH\CodeIgniter.php(340): CodeIgniter\CodeIgniter->handleRequest(null, Object(Config\Cache), false)
12 SYSTEMPATH\Boot.php(417): CodeIgniter\CodeIgniter->run()
13 SYSTEMPATH\Boot.php(68): CodeIgniter\Boot::runCodeIgniter(Object(CodeIgniter\CodeIgniter))
14 FCPATH\index.php(59): CodeIgniter\Boot::bootWeb(Object(Config\Paths))
15 SYSTEMPATH\rewrite.php(44): require_once('C:\\xampp\\htdocs\\tugas_sosmed\\public\\index.php')
CRITICAL - 2026-03-07 01:37:17 --> CodeIgniter\Database\Exceptions\DatabaseException: You have an error in your SQL syntax; check the manual that corresponds to your MariaDB server version for the right syntax to use near 'ASC, "Senin" ASC, "Selasa" ASC, "Rabu" ASC, "Kamis" ASC, "Jumat" ASC, "Sabtu"...' at line 4
[Method: GET, Route: jadwal]
in SYSTEMPATH\Database\BaseConnection.php on line 724.
 1 SYSTEMPATH\Database\BaseBuilder.php(1649): CodeIgniter\Database\BaseConnection->query('SELECT `jadwal_tugas`.*, `petugas`.`nama_petugas`
FROM `jadwal_tugas`
LEFT JOIN `petugas` ON `petugas`.`id_petugas` = `jadwal_tugas`.`id_petugas`
ORDER BY FIELD(hari_jadwal ASC, "Senin" ASC, "Selasa" ASC, "Rabu" ASC, "Kamis" ASC, "Jumat" ASC, "Sabtu" ASC, "Minggu") ASC, `jam_jadwal` ASC', [], false)
 2 SYSTEMPATH\Model.php(254): CodeIgniter\Database\BaseBuilder->get()
 3 SYSTEMPATH\BaseModel.php(675): CodeIgniter\Model->doFindAll(0, 0)
 4 APPPATH\Models\JadwalModel.php(37): CodeIgniter\BaseModel->findAll()
 5 APPPATH\Controllers\Jadwal.php(22): App\Models\JadwalModel->getJadwalWithPetugas()
 6 SYSTEMPATH\CodeIgniter.php(951): App\Controllers\Jadwal->index()
 7 SYSTEMPATH\CodeIgniter.php(497): CodeIgniter\CodeIgniter->runController(Object(App\Controllers\Jadwal))
 8 SYSTEMPATH\CodeIgniter.php(340): CodeIgniter\CodeIgniter->handleRequest(null, Object(Config\Cache), false)
 9 SYSTEMPATH\Boot.php(417): CodeIgniter\CodeIgniter->run()
10 SYSTEMPATH\Boot.php(68): CodeIgniter\Boot::runCodeIgniter(Object(CodeIgniter\CodeIgniter))
11 FCPATH\index.php(59): CodeIgniter\Boot::bootWeb(Object(Config\Paths))
12 SYSTEMPATH\rewrite.php(44): require_once('C:\\xampp\\htdocs\\tugas_sosmed\\public\\index.php')
CRITICAL - 2026-03-07 01:37:17 --> [Caused by] CodeIgniter\Database\Exceptions\DatabaseException: You have an error in your SQL syntax; check the manual that corresponds to your MariaDB server version for the right syntax to use near 'ASC, "Senin" ASC, "Selasa" ASC, "Rabu" ASC, "Kamis" ASC, "Jumat" ASC, "Sabtu"...' at line 4
in SYSTEMPATH\Database\MySQLi\Connection.php on line 310.
 1 SYSTEMPATH\Database\BaseConnection.php(769): CodeIgniter\Database\MySQLi\Connection->execute('SELECT `jadwal_tugas`.*, `petugas`.`nama_petugas`
FROM `jadwal_tugas`
LEFT JOIN `petugas` ON `petugas`.`id_petugas` = `jadwal_tugas`.`id_petugas`
ORDER BY FIELD(hari_jadwal ASC, "Senin" ASC, "Selasa" ASC, "Rabu" ASC, "Kamis" ASC, "Jumat" ASC, "Sabtu" ASC, "Minggu") ASC, `jam_jadwal` ASC')
 2 SYSTEMPATH\Database\BaseConnection.php(686): CodeIgniter\Database\BaseConnection->simpleQuery('SELECT `jadwal_tugas`.*, `petugas`.`nama_petugas`
FROM `jadwal_tugas`
LEFT JOIN `petugas` ON `petugas`.`id_petugas` = `jadwal_tugas`.`id_petugas`
ORDER BY FIELD(hari_jadwal ASC, "Senin" ASC, "Selasa" ASC, "Rabu" ASC, "Kamis" ASC, "Jumat" ASC, "Sabtu" ASC, "Minggu") ASC, `jam_jadwal` ASC')
 3 SYSTEMPATH\Database\BaseBuilder.php(1649): CodeIgniter\Database\BaseConnection->query('SELECT `jadwal_tugas`.*, `petugas`.`nama_petugas`
FROM `jadwal_tugas`
LEFT JOIN `petugas` ON `petugas`.`id_petugas` = `jadwal_tugas`.`id_petugas`
ORDER BY FIELD(hari_jadwal ASC, "Senin" ASC, "Selasa" ASC, "Rabu" ASC, "Kamis" ASC, "Jumat" ASC, "Sabtu" ASC, "Minggu") ASC, `jam_jadwal` ASC', [], false)
 4 SYSTEMPATH\Model.php(254): CodeIgniter\Database\BaseBuilder->get()
 5 SYSTEMPATH\BaseModel.php(675): CodeIgniter\Model->doFindAll(0, 0)
 6 APPPATH\Models\JadwalModel.php(37): CodeIgniter\BaseModel->findAll()
 7 APPPATH\Controllers\Jadwal.php(22): App\Models\JadwalModel->getJadwalWithPetugas()
 8 SYSTEMPATH\CodeIgniter.php(951): App\Controllers\Jadwal->index()
 9 SYSTEMPATH\CodeIgniter.php(497): CodeIgniter\CodeIgniter->runController(Object(App\Controllers\Jadwal))
10 SYSTEMPATH\CodeIgniter.php(340): CodeIgniter\CodeIgniter->handleRequest(null, Object(Config\Cache), false)
11 SYSTEMPATH\Boot.php(417): CodeIgniter\CodeIgniter->run()
12 SYSTEMPATH\Boot.php(68): CodeIgniter\Boot::runCodeIgniter(Object(CodeIgniter\CodeIgniter))
13 FCPATH\index.php(59): CodeIgniter\Boot::bootWeb(Object(Config\Paths))
14 SYSTEMPATH\rewrite.php(44): require_once('C:\\xampp\\htdocs\\tugas_sosmed\\public\\index.php')
CRITICAL - 2026-03-07 01:37:17 --> [Caused by] mysqli_sql_exception: You have an error in your SQL syntax; check the manual that corresponds to your MariaDB server version for the right syntax to use near 'ASC, "Senin" ASC, "Selasa" ASC, "Rabu" ASC, "Kamis" ASC, "Jumat" ASC, "Sabtu"...' at line 4
in SYSTEMPATH\Database\MySQLi\Connection.php on line 300.
 1 SYSTEMPATH\Database\MySQLi\Connection.php(300): mysqli->query('SELECT `jadwal_tugas`.*, `petugas`.`nama_petugas`
FROM `jadwal_tugas`
LEFT JOIN `petugas` ON `petugas`.`id_petugas` = `jadwal_tugas`.`id_petugas`
ORDER BY FIELD(hari_jadwal ASC, "Senin" ASC, "Selasa" ASC, "Rabu" ASC, "Kamis" ASC, "Jumat" ASC, "Sabtu" ASC, "Minggu") ASC, `jam_jadwal` ASC', 0)
 2 SYSTEMPATH\Database\BaseConnection.php(769): CodeIgniter\Database\MySQLi\Connection->execute('SELECT `jadwal_tugas`.*, `petugas`.`nama_petugas`
FROM `jadwal_tugas`
LEFT JOIN `petugas` ON `petugas`.`id_petugas` = `jadwal_tugas`.`id_petugas`
ORDER BY FIELD(hari_jadwal ASC, "Senin" ASC, "Selasa" ASC, "Rabu" ASC, "Kamis" ASC, "Jumat" ASC, "Sabtu" ASC, "Minggu") ASC, `jam_jadwal` ASC')
 3 SYSTEMPATH\Database\BaseConnection.php(686): CodeIgniter\Database\BaseConnection->simpleQuery('SELECT `jadwal_tugas`.*, `petugas`.`nama_petugas`
FROM `jadwal_tugas`
LEFT JOIN `petugas` ON `petugas`.`id_petugas` = `jadwal_tugas`.`id_petugas`
ORDER BY FIELD(hari_jadwal ASC, "Senin" ASC, "Selasa" ASC, "Rabu" ASC, "Kamis" ASC, "Jumat" ASC, "Sabtu" ASC, "Minggu") ASC, `jam_jadwal` ASC')
 4 SYSTEMPATH\Database\BaseBuilder.php(1649): CodeIgniter\Database\BaseConnection->query('SELECT `jadwal_tugas`.*, `petugas`.`nama_petugas`
FROM `jadwal_tugas`
LEFT JOIN `petugas` ON `petugas`.`id_petugas` = `jadwal_tugas`.`id_petugas`
ORDER BY FIELD(hari_jadwal ASC, "Senin" ASC, "Selasa" ASC, "Rabu" ASC, "Kamis" ASC, "Jumat" ASC, "Sabtu" ASC, "Minggu") ASC, `jam_jadwal` ASC', [], false)
 5 SYSTEMPATH\Model.php(254): CodeIgniter\Database\BaseBuilder->get()
 6 SYSTEMPATH\BaseModel.php(675): CodeIgniter\Model->doFindAll(0, 0)
 7 APPPATH\Models\JadwalModel.php(37): CodeIgniter\BaseModel->findAll()
 8 APPPATH\Controllers\Jadwal.php(22): App\Models\JadwalModel->getJadwalWithPetugas()
 9 SYSTEMPATH\CodeIgniter.php(951): App\Controllers\Jadwal->index()
10 SYSTEMPATH\CodeIgniter.php(497): CodeIgniter\CodeIgniter->runController(Object(App\Controllers\Jadwal))
11 SYSTEMPATH\CodeIgniter.php(340): CodeIgniter\CodeIgniter->handleRequest(null, Object(Config\Cache), false)
12 SYSTEMPATH\Boot.php(417): CodeIgniter\CodeIgniter->run()
13 SYSTEMPATH\Boot.php(68): CodeIgniter\Boot::runCodeIgniter(Object(CodeIgniter\CodeIgniter))
14 FCPATH\index.php(59): CodeIgniter\Boot::bootWeb(Object(Config\Paths))
15 SYSTEMPATH\rewrite.php(44): require_once('C:\\xampp\\htdocs\\tugas_sosmed\\public\\index.php')
DEBUG - 2026-03-07 01:39:14 --> Session: Class initialized using 'CodeIgniter\Session\Handlers\FileHandler' driver.
DEBUG - 2026-03-07 01:39:17 --> Session: Class initialized using 'CodeIgniter\Session\Handlers\FileHandler' driver.
DEBUG - 2026-03-07 01:39:19 --> Session: Class initialized using 'CodeIgniter\Session\Handlers\FileHandler' driver.
DEBUG - 2026-03-07 01:39:21 --> Session: Class initialized using 'CodeIgniter\Session\Handlers\FileHandler' driver.
DEBUG - 2026-03-07 01:39:26 --> Session: Class initialized using 'CodeIgniter\Session\Handlers\FileHandler' driver.
ERROR - 2026-03-07 01:39:33 --> You have an error in your SQL syntax; check the manual that corresponds to your MariaDB server version for the right syntax to use near 'ASC, "Senin" ASC, "Selasa" ASC, "Rabu" ASC, "Kamis" ASC, "Jumat" ASC, "Sabtu"...' at line 4
in SYSTEMPATH\Database\MySQLi\Connection.php on line 300.
 1 SYSTEMPATH\Database\MySQLi\Connection.php(300): mysqli->query('SELECT `jadwal_tugas`.*, `petugas`.`nama_petugas`
FROM `jadwal_tugas`
LEFT JOIN `petugas` ON `petugas`.`id_petugas` = `jadwal_tugas`.`id_petugas`
ORDER BY FIELD(hari_jadwal ASC, "Senin" ASC, "Selasa" ASC, "Rabu" ASC, "Kamis" ASC, "Jumat" ASC, "Sabtu" ASC, "Minggu") ASC, `jam_jadwal` ASC', 0)
 2 SYSTEMPATH\Database\BaseConnection.php(769): CodeIgniter\Database\MySQLi\Connection->execute('SELECT `jadwal_tugas`.*, `petugas`.`nama_petugas`
FROM `jadwal_tugas`
LEFT JOIN `petugas` ON `petugas`.`id_petugas` = `jadwal_tugas`.`id_petugas`
ORDER BY FIELD(hari_jadwal ASC, "Senin" ASC, "Selasa" ASC, "Rabu" ASC, "Kamis" ASC, "Jumat" ASC, "Sabtu" ASC, "Minggu") ASC, `jam_jadwal` ASC')
 3 SYSTEMPATH\Database\BaseConnection.php(686): CodeIgniter\Database\BaseConnection->simpleQuery('SELECT `jadwal_tugas`.*, `petugas`.`nama_petugas`
FROM `jadwal_tugas`
LEFT JOIN `petugas` ON `petugas`.`id_petugas` = `jadwal_tugas`.`id_petugas`
ORDER BY FIELD(hari_jadwal ASC, "Senin" ASC, "Selasa" ASC, "Rabu" ASC, "Kamis" ASC, "Jumat" ASC, "Sabtu" ASC, "Minggu") ASC, `jam_jadwal` ASC')
 4 SYSTEMPATH\Database\BaseBuilder.php(1649): CodeIgniter\Database\BaseConnection->query('SELECT `jadwal_tugas`.*, `petugas`.`nama_petugas`
FROM `jadwal_tugas`
LEFT JOIN `petugas` ON `petugas`.`id_petugas` = `jadwal_tugas`.`id_petugas`
ORDER BY FIELD(hari_jadwal ASC, "Senin" ASC, "Selasa" ASC, "Rabu" ASC, "Kamis" ASC, "Jumat" ASC, "Sabtu" ASC, "Minggu") ASC, `jam_jadwal` ASC', [], false)
 5 SYSTEMPATH\Model.php(254): CodeIgniter\Database\BaseBuilder->get()
 6 SYSTEMPATH\BaseModel.php(675): CodeIgniter\Model->doFindAll(0, 0)
 7 APPPATH\Models\JadwalModel.php(37): CodeIgniter\BaseModel->findAll()
 8 APPPATH\Controllers\Jadwal.php(22): App\Models\JadwalModel->getJadwalWithPetugas()
 9 SYSTEMPATH\CodeIgniter.php(951): App\Controllers\Jadwal->index()
10 SYSTEMPATH\CodeIgniter.php(497): CodeIgniter\CodeIgniter->runController(Object(App\Controllers\Jadwal))
11 SYSTEMPATH\CodeIgniter.php(340): CodeIgniter\CodeIgniter->handleRequest(null, Object(Config\Cache), false)
12 SYSTEMPATH\Boot.php(417): CodeIgniter\CodeIgniter->run()
13 SYSTEMPATH\Boot.php(68): CodeIgniter\Boot::runCodeIgniter(Object(CodeIgniter\CodeIgniter))
14 FCPATH\index.php(59): CodeIgniter\Boot::bootWeb(Object(Config\Paths))
15 SYSTEMPATH\rewrite.php(44): require_once('C:\\xampp\\htdocs\\tugas_sosmed\\public\\index.php')
CRITICAL - 2026-03-07 01:39:33 --> CodeIgniter\Database\Exceptions\DatabaseException: You have an error in your SQL syntax; check the manual that corresponds to your MariaDB server version for the right syntax to use near 'ASC, "Senin" ASC, "Selasa" ASC, "Rabu" ASC, "Kamis" ASC, "Jumat" ASC, "Sabtu"...' at line 4
[Method: GET, Route: jadwal]
in SYSTEMPATH\Database\BaseConnection.php on line 724.
 1 SYSTEMPATH\Database\BaseBuilder.php(1649): CodeIgniter\Database\BaseConnection->query('SELECT `jadwal_tugas`.*, `petugas`.`nama_petugas`
FROM `jadwal_tugas`
LEFT JOIN `petugas` ON `petugas`.`id_petugas` = `jadwal_tugas`.`id_petugas`
ORDER BY FIELD(hari_jadwal ASC, "Senin" ASC, "Selasa" ASC, "Rabu" ASC, "Kamis" ASC, "Jumat" ASC, "Sabtu" ASC, "Minggu") ASC, `jam_jadwal` ASC', [], false)
 2 SYSTEMPATH\Model.php(254): CodeIgniter\Database\BaseBuilder->get()
 3 SYSTEMPATH\BaseModel.php(675): CodeIgniter\Model->doFindAll(0, 0)
 4 APPPATH\Models\JadwalModel.php(37): CodeIgniter\BaseModel->findAll()
 5 APPPATH\Controllers\Jadwal.php(22): App\Models\JadwalModel->getJadwalWithPetugas()
 6 SYSTEMPATH\CodeIgniter.php(951): App\Controllers\Jadwal->index()
 7 SYSTEMPATH\CodeIgniter.php(497): CodeIgniter\CodeIgniter->runController(Object(App\Controllers\Jadwal))
 8 SYSTEMPATH\CodeIgniter.php(340): CodeIgniter\CodeIgniter->handleRequest(null, Object(Config\Cache), false)
 9 SYSTEMPATH\Boot.php(417): CodeIgniter\CodeIgniter->run()
10 SYSTEMPATH\Boot.php(68): CodeIgniter\Boot::runCodeIgniter(Object(CodeIgniter\CodeIgniter))
11 FCPATH\index.php(59): CodeIgniter\Boot::bootWeb(Object(Config\Paths))
12 SYSTEMPATH\rewrite.php(44): require_once('C:\\xampp\\htdocs\\tugas_sosmed\\public\\index.php')
CRITICAL - 2026-03-07 01:39:33 --> [Caused by] CodeIgniter\Database\Exceptions\DatabaseException: You have an error in your SQL syntax; check the manual that corresponds to your MariaDB server version for the right syntax to use near 'ASC, "Senin" ASC, "Selasa" ASC, "Rabu" ASC, "Kamis" ASC, "Jumat" ASC, "Sabtu"...' at line 4
in SYSTEMPATH\Database\MySQLi\Connection.php on line 310.
 1 SYSTEMPATH\Database\BaseConnection.php(769): CodeIgniter\Database\MySQLi\Connection->execute('SELECT `jadwal_tugas`.*, `petugas`.`nama_petugas`
FROM `jadwal_tugas`
LEFT JOIN `petugas` ON `petugas`.`id_petugas` = `jadwal_tugas`.`id_petugas`
ORDER BY FIELD(hari_jadwal ASC, "Senin" ASC, "Selasa" ASC, "Rabu" ASC, "Kamis" ASC, "Jumat" ASC, "Sabtu" ASC, "Minggu") ASC, `jam_jadwal` ASC')
 2 SYSTEMPATH\Database\BaseConnection.php(686): CodeIgniter\Database\BaseConnection->simpleQuery('SELECT `jadwal_tugas`.*, `petugas`.`nama_petugas`
FROM `jadwal_tugas`
LEFT JOIN `petugas` ON `petugas`.`id_petugas` = `jadwal_tugas`.`id_petugas`
ORDER BY FIELD(hari_jadwal ASC, "Senin" ASC, "Selasa" ASC, "Rabu" ASC, "Kamis" ASC, "Jumat" ASC, "Sabtu" ASC, "Minggu") ASC, `jam_jadwal` ASC')
 3 SYSTEMPATH\Database\BaseBuilder.php(1649): CodeIgniter\Database\BaseConnection->query('SELECT `jadwal_tugas`.*, `petugas`.`nama_petugas`
FROM `jadwal_tugas`
LEFT JOIN `petugas` ON `petugas`.`id_petugas` = `jadwal_tugas`.`id_petugas`
ORDER BY FIELD(hari_jadwal ASC, "Senin" ASC, "Selasa" ASC, "Rabu" ASC, "Kamis" ASC, "Jumat" ASC, "Sabtu" ASC, "Minggu") ASC, `jam_jadwal` ASC', [], false)
 4 SYSTEMPATH\Model.php(254): CodeIgniter\Database\BaseBuilder->get()
 5 SYSTEMPATH\BaseModel.php(675): CodeIgniter\Model->doFindAll(0, 0)
 6 APPPATH\Models\JadwalModel.php(37): CodeIgniter\BaseModel->findAll()
 7 APPPATH\Controllers\Jadwal.php(22): App\Models\JadwalModel->getJadwalWithPetugas()
 8 SYSTEMPATH\CodeIgniter.php(951): App\Controllers\Jadwal->index()
 9 SYSTEMPATH\CodeIgniter.php(497): CodeIgniter\CodeIgniter->runController(Object(App\Controllers\Jadwal))
10 SYSTEMPATH\CodeIgniter.php(340): CodeIgniter\CodeIgniter->handleRequest(null, Object(Config\Cache), false)
11 SYSTEMPATH\Boot.php(417): CodeIgniter\CodeIgniter->run()
12 SYSTEMPATH\Boot.php(68): CodeIgniter\Boot::runCodeIgniter(Object(CodeIgniter\CodeIgniter))
13 FCPATH\index.php(59): CodeIgniter\Boot::bootWeb(Object(Config\Paths))
14 SYSTEMPATH\rewrite.php(44): require_once('C:\\xampp\\htdocs\\tugas_sosmed\\public\\index.php')
CRITICAL - 2026-03-07 01:39:33 --> [Caused by] mysqli_sql_exception: You have an error in your SQL syntax; check the manual that corresponds to your MariaDB server version for the right syntax to use near 'ASC, "Senin" ASC, "Selasa" ASC, "Rabu" ASC, "Kamis" ASC, "Jumat" ASC, "Sabtu"...' at line 4
in SYSTEMPATH\Database\MySQLi\Connection.php on line 300.
 1 SYSTEMPATH\Database\MySQLi\Connection.php(300): mysqli->query('SELECT `jadwal_tugas`.*, `petugas`.`nama_petugas`
FROM `jadwal_tugas`
LEFT JOIN `petugas` ON `petugas`.`id_petugas` = `jadwal_tugas`.`id_petugas`
ORDER BY FIELD(hari_jadwal ASC, "Senin" ASC, "Selasa" ASC, "Rabu" ASC, "Kamis" ASC, "Jumat" ASC, "Sabtu" ASC, "Minggu") ASC, `jam_jadwal` ASC', 0)
 2 SYSTEMPATH\Database\BaseConnection.php(769): CodeIgniter\Database\MySQLi\Connection->execute('SELECT `jadwal_tugas`.*, `petugas`.`nama_petugas`
FROM `jadwal_tugas`
LEFT JOIN `petugas` ON `petugas`.`id_petugas` = `jadwal_tugas`.`id_petugas`
ORDER BY FIELD(hari_jadwal ASC, "Senin" ASC, "Selasa" ASC, "Rabu" ASC, "Kamis" ASC, "Jumat" ASC, "Sabtu" ASC, "Minggu") ASC, `jam_jadwal` ASC')
 3 SYSTEMPATH\Database\BaseConnection.php(686): CodeIgniter\Database\BaseConnection->simpleQuery('SELECT `jadwal_tugas`.*, `petugas`.`nama_petugas`
FROM `jadwal_tugas`
LEFT JOIN `petugas` ON `petugas`.`id_petugas` = `jadwal_tugas`.`id_petugas`
ORDER BY FIELD(hari_jadwal ASC, "Senin" ASC, "Selasa" ASC, "Rabu" ASC, "Kamis" ASC, "Jumat" ASC, "Sabtu" ASC, "Minggu") ASC, `jam_jadwal` ASC')
 4 SYSTEMPATH\Database\BaseBuilder.php(1649): CodeIgniter\Database\BaseConnection->query('SELECT `jadwal_tugas`.*, `petugas`.`nama_petugas`
FROM `jadwal_tugas`
LEFT JOIN `petugas` ON `petugas`.`id_petugas` = `jadwal_tugas`.`id_petugas`
ORDER BY FIELD(hari_jadwal ASC, "Senin" ASC, "Selasa" ASC, "Rabu" ASC, "Kamis" ASC, "Jumat" ASC, "Sabtu" ASC, "Minggu") ASC, `jam_jadwal` ASC', [], false)
 5 SYSTEMPATH\Model.php(254): CodeIgniter\Database\BaseBuilder->get()
 6 SYSTEMPATH\BaseModel.php(675): CodeIgniter\Model->doFindAll(0, 0)
 7 APPPATH\Models\JadwalModel.php(37): CodeIgniter\BaseModel->findAll()
 8 APPPATH\Controllers\Jadwal.php(22): App\Models\JadwalModel->getJadwalWithPetugas()
 9 SYSTEMPATH\CodeIgniter.php(951): App\Controllers\Jadwal->index()
10 SYSTEMPATH\CodeIgniter.php(497): CodeIgniter\CodeIgniter->runController(Object(App\Controllers\Jadwal))
11 SYSTEMPATH\CodeIgniter.php(340): CodeIgniter\CodeIgniter->handleRequest(null, Object(Config\Cache), false)
12 SYSTEMPATH\Boot.php(417): CodeIgniter\CodeIgniter->run()
13 SYSTEMPATH\Boot.php(68): CodeIgniter\Boot::runCodeIgniter(Object(CodeIgniter\CodeIgniter))
14 FCPATH\index.php(59): CodeIgniter\Boot::bootWeb(Object(Config\Paths))
15 SYSTEMPATH\rewrite.php(44): require_once('C:\\xampp\\htdocs\\tugas_sosmed\\public\\index.php')
DEBUG - 2026-03-07 01:44:58 --> Session: Class initialized using 'CodeIgniter\Session\Handlers\FileHandler' driver.
ERROR - 2026-03-07 01:45:01 --> Table 'tugas_sosmed.petugas' doesn't exist
in SYSTEMPATH\Database\MySQLi\Connection.php on line 300.
 1 SYSTEMPATH\Database\MySQLi\Connection.php(300): mysqli->query('SELECT `jadwal_tugas`.*, `petugas`.`nama_petugas`
FROM `jadwal_tugas`
LEFT JOIN `petugas` ON `petugas`.`id_petugas` = `jadwal_tugas`.`id_petugas`', 0)
 2 SYSTEMPATH\Database\BaseConnection.php(769): CodeIgniter\Database\MySQLi\Connection->execute('SELECT `jadwal_tugas`.*, `petugas`.`nama_petugas`
FROM `jadwal_tugas`
LEFT JOIN `petugas` ON `petugas`.`id_petugas` = `jadwal_tugas`.`id_petugas`')
 3 SYSTEMPATH\Database\BaseConnection.php(686): CodeIgniter\Database\BaseConnection->simpleQuery('SELECT `jadwal_tugas`.*, `petugas`.`nama_petugas`
FROM `jadwal_tugas`
LEFT JOIN `petugas` ON `petugas`.`id_petugas` = `jadwal_tugas`.`id_petugas`')
 4 SYSTEMPATH\Database\BaseBuilder.php(1649): CodeIgniter\Database\BaseConnection->query('SELECT `jadwal_tugas`.*, `petugas`.`nama_petugas`
FROM `jadwal_tugas`
LEFT JOIN `petugas` ON `petugas`.`id_petugas` = `jadwal_tugas`.`id_petugas`', [], false)
 5 SYSTEMPATH\Model.php(254): CodeIgniter\Database\BaseBuilder->get()
 6 SYSTEMPATH\BaseModel.php(675): CodeIgniter\Model->doFindAll(0, 0)
 7 APPPATH\Models\JadwalModel.php(36): CodeIgniter\BaseModel->findAll()
 8 APPPATH\Controllers\Jadwal.php(22): App\Models\JadwalModel->getJadwalWithPetugas()
 9 SYSTEMPATH\CodeIgniter.php(951): App\Controllers\Jadwal->index()
10 SYSTEMPATH\CodeIgniter.php(497): CodeIgniter\CodeIgniter->runController(Object(App\Controllers\Jadwal))
11 SYSTEMPATH\CodeIgniter.php(340): CodeIgniter\CodeIgniter->handleRequest(null, Object(Config\Cache), false)
12 SYSTEMPATH\Boot.php(417): CodeIgniter\CodeIgniter->run()
13 SYSTEMPATH\Boot.php(68): CodeIgniter\Boot::runCodeIgniter(Object(CodeIgniter\CodeIgniter))
14 FCPATH\index.php(59): CodeIgniter\Boot::bootWeb(Object(Config\Paths))
15 SYSTEMPATH\rewrite.php(44): require_once('C:\\xampp\\htdocs\\tugas_sosmed\\public\\index.php')
CRITICAL - 2026-03-07 01:45:01 --> CodeIgniter\Database\Exceptions\DatabaseException: Table 'tugas_sosmed.petugas' doesn't exist
[Method: GET, Route: jadwal]
in SYSTEMPATH\Database\BaseConnection.php on line 724.
 1 SYSTEMPATH\Database\BaseBuilder.php(1649): CodeIgniter\Database\BaseConnection->query('SELECT `jadwal_tugas`.*, `petugas`.`nama_petugas`
FROM `jadwal_tugas`
LEFT JOIN `petugas` ON `petugas`.`id_petugas` = `jadwal_tugas`.`id_petugas`', [], false)
 2 SYSTEMPATH\Model.php(254): CodeIgniter\Database\BaseBuilder->get()
 3 SYSTEMPATH\BaseModel.php(675): CodeIgniter\Model->doFindAll(0, 0)
 4 APPPATH\Models\JadwalModel.php(36): CodeIgniter\BaseModel->findAll()
 5 APPPATH\Controllers\Jadwal.php(22): App\Models\JadwalModel->getJadwalWithPetugas()
 6 SYSTEMPATH\CodeIgniter.php(951): App\Controllers\Jadwal->index()
 7 SYSTEMPATH\CodeIgniter.php(497): CodeIgniter\CodeIgniter->runController(Object(App\Controllers\Jadwal))
 8 SYSTEMPATH\CodeIgniter.php(340): CodeIgniter\CodeIgniter->handleRequest(null, Object(Config\Cache), false)
 9 SYSTEMPATH\Boot.php(417): CodeIgniter\CodeIgniter->run()
10 SYSTEMPATH\Boot.php(68): CodeIgniter\Boot::runCodeIgniter(Object(CodeIgniter\CodeIgniter))
11 FCPATH\index.php(59): CodeIgniter\Boot::bootWeb(Object(Config\Paths))
12 SYSTEMPATH\rewrite.php(44): require_once('C:\\xampp\\htdocs\\tugas_sosmed\\public\\index.php')
CRITICAL - 2026-03-07 01:45:01 --> [Caused by] CodeIgniter\Database\Exceptions\DatabaseException: Table 'tugas_sosmed.petugas' doesn't exist
in SYSTEMPATH\Database\MySQLi\Connection.php on line 310.
 1 SYSTEMPATH\Database\BaseConnection.php(769): CodeIgniter\Database\MySQLi\Connection->execute('SELECT `jadwal_tugas`.*, `petugas`.`nama_petugas`
FROM `jadwal_tugas`
LEFT JOIN `petugas` ON `petugas`.`id_petugas` = `jadwal_tugas`.`id_petugas`')
 2 SYSTEMPATH\Database\BaseConnection.php(686): CodeIgniter\Database\BaseConnection->simpleQuery('SELECT `jadwal_tugas`.*, `petugas`.`nama_petugas`
FROM `jadwal_tugas`
LEFT JOIN `petugas` ON `petugas`.`id_petugas` = `jadwal_tugas`.`id_petugas`')
 3 SYSTEMPATH\Database\BaseBuilder.php(1649): CodeIgniter\Database\BaseConnection->query('SELECT `jadwal_tugas`.*, `petugas`.`nama_petugas`
FROM `jadwal_tugas`
LEFT JOIN `petugas` ON `petugas`.`id_petugas` = `jadwal_tugas`.`id_petugas`', [], false)
 4 SYSTEMPATH\Model.php(254): CodeIgniter\Database\BaseBuilder->get()
 5 SYSTEMPATH\BaseModel.php(675): CodeIgniter\Model->doFindAll(0, 0)
 6 APPPATH\Models\JadwalModel.php(36): CodeIgniter\BaseModel->findAll()
 7 APPPATH\Controllers\Jadwal.php(22): App\Models\JadwalModel->getJadwalWithPetugas()
 8 SYSTEMPATH\CodeIgniter.php(951): App\Controllers\Jadwal->index()
 9 SYSTEMPATH\CodeIgniter.php(497): CodeIgniter\CodeIgniter->runController(Object(App\Controllers\Jadwal))
10 SYSTEMPATH\CodeIgniter.php(340): CodeIgniter\CodeIgniter->handleRequest(null, Object(Config\Cache), false)
11 SYSTEMPATH\Boot.php(417): CodeIgniter\CodeIgniter->run()
12 SYSTEMPATH\Boot.php(68): CodeIgniter\Boot::runCodeIgniter(Object(CodeIgniter\CodeIgniter))
13 FCPATH\index.php(59): CodeIgniter\Boot::bootWeb(Object(Config\Paths))
14 SYSTEMPATH\rewrite.php(44): require_once('C:\\xampp\\htdocs\\tugas_sosmed\\public\\index.php')
CRITICAL - 2026-03-07 01:45:01 --> [Caused by] mysqli_sql_exception: Table 'tugas_sosmed.petugas' doesn't exist
in SYSTEMPATH\Database\MySQLi\Connection.php on line 300.
 1 SYSTEMPATH\Database\MySQLi\Connection.php(300): mysqli->query('SELECT `jadwal_tugas`.*, `petugas`.`nama_petugas`
FROM `jadwal_tugas`
LEFT JOIN `petugas` ON `petugas`.`id_petugas` = `jadwal_tugas`.`id_petugas`', 0)
 2 SYSTEMPATH\Database\BaseConnection.php(769): CodeIgniter\Database\MySQLi\Connection->execute('SELECT `jadwal_tugas`.*, `petugas`.`nama_petugas`
FROM `jadwal_tugas`
LEFT JOIN `petugas` ON `petugas`.`id_petugas` = `jadwal_tugas`.`id_petugas`')
 3 SYSTEMPATH\Database\BaseConnection.php(686): CodeIgniter\Database\BaseConnection->simpleQuery('SELECT `jadwal_tugas`.*, `petugas`.`nama_petugas`
FROM `jadwal_tugas`
LEFT JOIN `petugas` ON `petugas`.`id_petugas` = `jadwal_tugas`.`id_petugas`')
 4 SYSTEMPATH\Database\BaseBuilder.php(1649): CodeIgniter\Database\BaseConnection->query('SELECT `jadwal_tugas`.*, `petugas`.`nama_petugas`
FROM `jadwal_tugas`
LEFT JOIN `petugas` ON `petugas`.`id_petugas` = `jadwal_tugas`.`id_petugas`', [], false)
 5 SYSTEMPATH\Model.php(254): CodeIgniter\Database\BaseBuilder->get()
 6 SYSTEMPATH\BaseModel.php(675): CodeIgniter\Model->doFindAll(0, 0)
 7 APPPATH\Models\JadwalModel.php(36): CodeIgniter\BaseModel->findAll()
 8 APPPATH\Controllers\Jadwal.php(22): App\Models\JadwalModel->getJadwalWithPetugas()
 9 SYSTEMPATH\CodeIgniter.php(951): App\Controllers\Jadwal->index()
10 SYSTEMPATH\CodeIgniter.php(497): CodeIgniter\CodeIgniter->runController(Object(App\Controllers\Jadwal))
11 SYSTEMPATH\CodeIgniter.php(340): CodeIgniter\CodeIgniter->handleRequest(null, Object(Config\Cache), false)
12 SYSTEMPATH\Boot.php(417): CodeIgniter\CodeIgniter->run()
13 SYSTEMPATH\Boot.php(68): CodeIgniter\Boot::runCodeIgniter(Object(CodeIgniter\CodeIgniter))
14 FCPATH\index.php(59): CodeIgniter\Boot::bootWeb(Object(Config\Paths))
15 SYSTEMPATH\rewrite.php(44): require_once('C:\\xampp\\htdocs\\tugas_sosmed\\public\\index.php')
DEBUG - 2026-03-07 01:46:48 --> Session: Class initialized using 'CodeIgniter\Session\Handlers\FileHandler' driver.
DEBUG - 2026-03-07 02:09:10 --> Session: Class initialized using 'CodeIgniter\Session\Handlers\FileHandler' driver.
DEBUG - 2026-03-07 02:12:59 --> Session: Class initialized using 'CodeIgniter\Session\Handlers\FileHandler' driver.
INFO - 2026-03-07 02:20:48 --> CSRF token verified.
ERROR - 2026-03-07 02:20:48 --> Cannot add or update a child row: a foreign key constraint fails (`tugas_sosmed`.`jadwal_tugas`, CONSTRAINT `fk_tiktok` FOREIGN KEY (`id_tiktok`) REFERENCES `akun_tiktok` (`id_tiktok`) ON DELETE SET NULL ON UPDATE CASCADE)
in SYSTEMPATH\Database\MySQLi\Connection.php on line 300.
 1 SYSTEMPATH\Database\MySQLi\Connection.php(300): mysqli->query('INSERT INTO `jadwal_tugas` (`id_jadwal`, `hari_jadwal`, `jam_jadwal`, `id_petugas`, `id_instagram`, `detail_tugas_instagram`, `id_facebook`, `detail_tugas_facebook`, `id_tiktok`, `detail_tugas_tiktok`, `id_email`, `detail_tugas_email`, `id_website`, `detail_tugas_website`, `id_wa`, `detail_tugas_wa`) VALUES (\'J001\', \'Senin\', \'08:00\', \'P001\', \'IG001\', \'posting mengenai ekspor\', \'FB001\', \'follow 3 grup\', \'TT001\', \'live selama 1 jam\', \'EM001\', \'kirim pesan ke 5 orang\', \'WEB001\', \'mengerjakan halaman produk\', \'WA001\', \'kirim pesan ke 10 orang\')', 0)
 2 SYSTEMPATH\Database\BaseConnection.php(769): CodeIgniter\Database\MySQLi\Connection->execute('INSERT INTO `jadwal_tugas` (`id_jadwal`, `hari_jadwal`, `jam_jadwal`, `id_petugas`, `id_instagram`, `detail_tugas_instagram`, `id_facebook`, `detail_tugas_facebook`, `id_tiktok`, `detail_tugas_tiktok`, `id_email`, `detail_tugas_email`, `id_website`, `detail_tugas_website`, `id_wa`, `detail_tugas_wa`) VALUES (\'J001\', \'Senin\', \'08:00\', \'P001\', \'IG001\', \'posting mengenai ekspor\', \'FB001\', \'follow 3 grup\', \'TT001\', \'live selama 1 jam\', \'EM001\', \'kirim pesan ke 5 orang\', \'WEB001\', \'mengerjakan halaman produk\', \'WA001\', \'kirim pesan ke 10 orang\')')
 3 SYSTEMPATH\Database\BaseConnection.php(686): CodeIgniter\Database\BaseConnection->simpleQuery('INSERT INTO `jadwal_tugas` (`id_jadwal`, `hari_jadwal`, `jam_jadwal`, `id_petugas`, `id_instagram`, `detail_tugas_instagram`, `id_facebook`, `detail_tugas_facebook`, `id_tiktok`, `detail_tugas_tiktok`, `id_email`, `detail_tugas_email`, `id_website`, `detail_tugas_website`, `id_wa`, `detail_tugas_wa`) VALUES (\'J001\', \'Senin\', \'08:00\', \'P001\', \'IG001\', \'posting mengenai ekspor\', \'FB001\', \'follow 3 grup\', \'TT001\', \'live selama 1 jam\', \'EM001\', \'kirim pesan ke 5 orang\', \'WEB001\', \'mengerjakan halaman produk\', \'WA001\', \'kirim pesan ke 10 orang\')')
 4 SYSTEMPATH\Database\BaseBuilder.php(2345): CodeIgniter\Database\BaseConnection->query('INSERT INTO `jadwal_tugas` (`id_jadwal`, `hari_jadwal`, `jam_jadwal`, `id_petugas`, `id_instagram`, `detail_tugas_instagram`, `id_facebook`, `detail_tugas_facebook`, `id_tiktok`, `detail_tugas_tiktok`, `id_email`, `detail_tugas_email`, `id_website`, `detail_tugas_website`, `id_wa`, `detail_tugas_wa`) VALUES (:id_jadwal.1:, :hari_jadwal:, :jam_jadwal:, :id_petugas:, :id_instagram:, :detail_tugas_instagram:, :id_facebook:, :detail_tugas_facebook:, :id_tiktok:, :detail_tugas_tiktok:, :id_email:, :detail_tugas_email:, :id_website:, :detail_tugas_website:, :id_wa:, :detail_tugas_wa:)', [...], false)
 5 SYSTEMPATH\Model.php(356): CodeIgniter\Database\BaseBuilder->insert()
 6 SYSTEMPATH\BaseModel.php(898): CodeIgniter\Model->doInsert([...])
 7 SYSTEMPATH\Model.php(665): CodeIgniter\BaseModel->insert([...], false)
 8 SYSTEMPATH\BaseModel.php(751): CodeIgniter\Model->insert([...], false)
 9 APPPATH\Controllers\Jadwal.php(68): CodeIgniter\BaseModel->save([...])
10 SYSTEMPATH\CodeIgniter.php(951): App\Controllers\Jadwal->store()
11 SYSTEMPATH\CodeIgniter.php(497): CodeIgniter\CodeIgniter->runController(Object(App\Controllers\Jadwal))
12 SYSTEMPATH\CodeIgniter.php(340): CodeIgniter\CodeIgniter->handleRequest(null, Object(Config\Cache), false)
13 SYSTEMPATH\Boot.php(417): CodeIgniter\CodeIgniter->run()
14 SYSTEMPATH\Boot.php(68): CodeIgniter\Boot::runCodeIgniter(Object(CodeIgniter\CodeIgniter))
15 FCPATH\index.php(59): CodeIgniter\Boot::bootWeb(Object(Config\Paths))
16 SYSTEMPATH\rewrite.php(44): require_once('C:\\xampp\\htdocs\\tugas_sosmed\\public\\index.php')
CRITICAL - 2026-03-07 02:20:48 --> CodeIgniter\Database\Exceptions\DatabaseException: Cannot add or update a child row: a foreign key constraint fails (`tugas_sosmed`.`jadwal_tugas`, CONSTRAINT `fk_tiktok` FOREIGN KEY (`id_tiktok`) REFERENCES `akun_tiktok` (`id_tiktok`) ON DELETE SET NULL ON UPDATE CASCADE)
[Method: POST, Route: jadwal/store]
in SYSTEMPATH\Database\BaseConnection.php on line 724.
 1 SYSTEMPATH\Database\BaseBuilder.php(2345): CodeIgniter\Database\BaseConnection->query('INSERT INTO `jadwal_tugas` (`id_jadwal`, `hari_jadwal`, `jam_jadwal`, `id_petugas`, `id_instagram`, `detail_tugas_instagram`, `id_facebook`, `detail_tugas_facebook`, `id_tiktok`, `detail_tugas_tiktok`, `id_email`, `detail_tugas_email`, `id_website`, `detail_tugas_website`, `id_wa`, `detail_tugas_wa`) VALUES (:id_jadwal.1:, :hari_jadwal:, :jam_jadwal:, :id_petugas:, :id_instagram:, :detail_tugas_instagram:, :id_facebook:, :detail_tugas_facebook:, :id_tiktok:, :detail_tugas_tiktok:, :id_email:, :detail_tugas_email:, :id_website:, :detail_tugas_website:, :id_wa:, :detail_tugas_wa:)', [...], false)
 2 SYSTEMPATH\Model.php(356): CodeIgniter\Database\BaseBuilder->insert()
 3 SYSTEMPATH\BaseModel.php(898): CodeIgniter\Model->doInsert([...])
 4 SYSTEMPATH\Model.php(665): CodeIgniter\BaseModel->insert([...], false)
 5 SYSTEMPATH\BaseModel.php(751): CodeIgniter\Model->insert([...], false)
 6 APPPATH\Controllers\Jadwal.php(68): CodeIgniter\BaseModel->save([...])
 7 SYSTEMPATH\CodeIgniter.php(951): App\Controllers\Jadwal->store()
 8 SYSTEMPATH\CodeIgniter.php(497): CodeIgniter\CodeIgniter->runController(Object(App\Controllers\Jadwal))
 9 SYSTEMPATH\CodeIgniter.php(340): CodeIgniter\CodeIgniter->handleRequest(null, Object(Config\Cache), false)
10 SYSTEMPATH\Boot.php(417): CodeIgniter\CodeIgniter->run()
11 SYSTEMPATH\Boot.php(68): CodeIgniter\Boot::runCodeIgniter(Object(CodeIgniter\CodeIgniter))
12 FCPATH\index.php(59): CodeIgniter\Boot::bootWeb(Object(Config\Paths))
13 SYSTEMPATH\rewrite.php(44): require_once('C:\\xampp\\htdocs\\tugas_sosmed\\public\\index.php')
CRITICAL - 2026-03-07 02:20:48 --> [Caused by] CodeIgniter\Database\Exceptions\DatabaseException: Cannot add or update a child row: a foreign key constraint fails (`tugas_sosmed`.`jadwal_tugas`, CONSTRAINT `fk_tiktok` FOREIGN KEY (`id_tiktok`) REFERENCES `akun_tiktok` (`id_tiktok`) ON DELETE SET NULL ON UPDATE CASCADE)
in SYSTEMPATH\Database\MySQLi\Connection.php on line 310.
 1 SYSTEMPATH\Database\BaseConnection.php(769): CodeIgniter\Database\MySQLi\Connection->execute('INSERT INTO `jadwal_tugas` (`id_jadwal`, `hari_jadwal`, `jam_jadwal`, `id_petugas`, `id_instagram`, `detail_tugas_instagram`, `id_facebook`, `detail_tugas_facebook`, `id_tiktok`, `detail_tugas_tiktok`, `id_email`, `detail_tugas_email`, `id_website`, `detail_tugas_website`, `id_wa`, `detail_tugas_wa`) VALUES (\'J001\', \'Senin\', \'08:00\', \'P001\', \'IG001\', \'posting mengenai ekspor\', \'FB001\', \'follow 3 grup\', \'TT001\', \'live selama 1 jam\', \'EM001\', \'kirim pesan ke 5 orang\', \'WEB001\', \'mengerjakan halaman produk\', \'WA001\', \'kirim pesan ke 10 orang\')')
 2 SYSTEMPATH\Database\BaseConnection.php(686): CodeIgniter\Database\BaseConnection->simpleQuery('INSERT INTO `jadwal_tugas` (`id_jadwal`, `hari_jadwal`, `jam_jadwal`, `id_petugas`, `id_instagram`, `detail_tugas_instagram`, `id_facebook`, `detail_tugas_facebook`, `id_tiktok`, `detail_tugas_tiktok`, `id_email`, `detail_tugas_email`, `id_website`, `detail_tugas_website`, `id_wa`, `detail_tugas_wa`) VALUES (\'J001\', \'Senin\', \'08:00\', \'P001\', \'IG001\', \'posting mengenai ekspor\', \'FB001\', \'follow 3 grup\', \'TT001\', \'live selama 1 jam\', \'EM001\', \'kirim pesan ke 5 orang\', \'WEB001\', \'mengerjakan halaman produk\', \'WA001\', \'kirim pesan ke 10 orang\')')
 3 SYSTEMPATH\Database\BaseBuilder.php(2345): CodeIgniter\Database\BaseConnection->query('INSERT INTO `jadwal_tugas` (`id_jadwal`, `hari_jadwal`, `jam_jadwal`, `id_petugas`, `id_instagram`, `detail_tugas_instagram`, `id_facebook`, `detail_tugas_facebook`, `id_tiktok`, `detail_tugas_tiktok`, `id_email`, `detail_tugas_email`, `id_website`, `detail_tugas_website`, `id_wa`, `detail_tugas_wa`) VALUES (:id_jadwal.1:, :hari_jadwal:, :jam_jadwal:, :id_petugas:, :id_instagram:, :detail_tugas_instagram:, :id_facebook:, :detail_tugas_facebook:, :id_tiktok:, :detail_tugas_tiktok:, :id_email:, :detail_tugas_email:, :id_website:, :detail_tugas_website:, :id_wa:, :detail_tugas_wa:)', [...], false)
 4 SYSTEMPATH\Model.php(356): CodeIgniter\Database\BaseBuilder->insert()
 5 SYSTEMPATH\BaseModel.php(898): CodeIgniter\Model->doInsert([...])
 6 SYSTEMPATH\Model.php(665): CodeIgniter\BaseModel->insert([...], false)
 7 SYSTEMPATH\BaseModel.php(751): CodeIgniter\Model->insert([...], false)
 8 APPPATH\Controllers\Jadwal.php(68): CodeIgniter\BaseModel->save([...])
 9 SYSTEMPATH\CodeIgniter.php(951): App\Controllers\Jadwal->store()
10 SYSTEMPATH\CodeIgniter.php(497): CodeIgniter\CodeIgniter->runController(Object(App\Controllers\Jadwal))
11 SYSTEMPATH\CodeIgniter.php(340): CodeIgniter\CodeIgniter->handleRequest(null, Object(Config\Cache), false)
12 SYSTEMPATH\Boot.php(417): CodeIgniter\CodeIgniter->run()
13 SYSTEMPATH\Boot.php(68): CodeIgniter\Boot::runCodeIgniter(Object(CodeIgniter\CodeIgniter))
14 FCPATH\index.php(59): CodeIgniter\Boot::bootWeb(Object(Config\Paths))
15 SYSTEMPATH\rewrite.php(44): require_once('C:\\xampp\\htdocs\\tugas_sosmed\\public\\index.php')
CRITICAL - 2026-03-07 02:20:48 --> [Caused by] mysqli_sql_exception: Cannot add or update a child row: a foreign key constraint fails (`tugas_sosmed`.`jadwal_tugas`, CONSTRAINT `fk_tiktok` FOREIGN KEY (`id_tiktok`) REFERENCES `akun_tiktok` (`id_tiktok`) ON DELETE SET NULL ON UPDATE CASCADE)
in SYSTEMPATH\Database\MySQLi\Connection.php on line 300.
 1 SYSTEMPATH\Database\MySQLi\Connection.php(300): mysqli->query('INSERT INTO `jadwal_tugas` (`id_jadwal`, `hari_jadwal`, `jam_jadwal`, `id_petugas`, `id_instagram`, `detail_tugas_instagram`, `id_facebook`, `detail_tugas_facebook`, `id_tiktok`, `detail_tugas_tiktok`, `id_email`, `detail_tugas_email`, `id_website`, `detail_tugas_website`, `id_wa`, `detail_tugas_wa`) VALUES (\'J001\', \'Senin\', \'08:00\', \'P001\', \'IG001\', \'posting mengenai ekspor\', \'FB001\', \'follow 3 grup\', \'TT001\', \'live selama 1 jam\', \'EM001\', \'kirim pesan ke 5 orang\', \'WEB001\', \'mengerjakan halaman produk\', \'WA001\', \'kirim pesan ke 10 orang\')', 0)
 2 SYSTEMPATH\Database\BaseConnection.php(769): CodeIgniter\Database\MySQLi\Connection->execute('INSERT INTO `jadwal_tugas` (`id_jadwal`, `hari_jadwal`, `jam_jadwal`, `id_petugas`, `id_instagram`, `detail_tugas_instagram`, `id_facebook`, `detail_tugas_facebook`, `id_tiktok`, `detail_tugas_tiktok`, `id_email`, `detail_tugas_email`, `id_website`, `detail_tugas_website`, `id_wa`, `detail_tugas_wa`) VALUES (\'J001\', \'Senin\', \'08:00\', \'P001\', \'IG001\', \'posting mengenai ekspor\', \'FB001\', \'follow 3 grup\', \'TT001\', \'live selama 1 jam\', \'EM001\', \'kirim pesan ke 5 orang\', \'WEB001\', \'mengerjakan halaman produk\', \'WA001\', \'kirim pesan ke 10 orang\')')
 3 SYSTEMPATH\Database\BaseConnection.php(686): CodeIgniter\Database\BaseConnection->simpleQuery('INSERT INTO `jadwal_tugas` (`id_jadwal`, `hari_jadwal`, `jam_jadwal`, `id_petugas`, `id_instagram`, `detail_tugas_instagram`, `id_facebook`, `detail_tugas_facebook`, `id_tiktok`, `detail_tugas_tiktok`, `id_email`, `detail_tugas_email`, `id_website`, `detail_tugas_website`, `id_wa`, `detail_tugas_wa`) VALUES (\'J001\', \'Senin\', \'08:00\', \'P001\', \'IG001\', \'posting mengenai ekspor\', \'FB001\', \'follow 3 grup\', \'TT001\', \'live selama 1 jam\', \'EM001\', \'kirim pesan ke 5 orang\', \'WEB001\', \'mengerjakan halaman produk\', \'WA001\', \'kirim pesan ke 10 orang\')')
 4 SYSTEMPATH\Database\BaseBuilder.php(2345): CodeIgniter\Database\BaseConnection->query('INSERT INTO `jadwal_tugas` (`id_jadwal`, `hari_jadwal`, `jam_jadwal`, `id_petugas`, `id_instagram`, `detail_tugas_instagram`, `id_facebook`, `detail_tugas_facebook`, `id_tiktok`, `detail_tugas_tiktok`, `id_email`, `detail_tugas_email`, `id_website`, `detail_tugas_website`, `id_wa`, `detail_tugas_wa`) VALUES (:id_jadwal.1:, :hari_jadwal:, :jam_jadwal:, :id_petugas:, :id_instagram:, :detail_tugas_instagram:, :id_facebook:, :detail_tugas_facebook:, :id_tiktok:, :detail_tugas_tiktok:, :id_email:, :detail_tugas_email:, :id_website:, :detail_tugas_website:, :id_wa:, :detail_tugas_wa:)', [...], false)
 5 SYSTEMPATH\Model.php(356): CodeIgniter\Database\BaseBuilder->insert()
 6 SYSTEMPATH\BaseModel.php(898): CodeIgniter\Model->doInsert([...])
 7 SYSTEMPATH\Model.php(665): CodeIgniter\BaseModel->insert([...], false)
 8 SYSTEMPATH\BaseModel.php(751): CodeIgniter\Model->insert([...], false)
 9 APPPATH\Controllers\Jadwal.php(68): CodeIgniter\BaseModel->save([...])
10 SYSTEMPATH\CodeIgniter.php(951): App\Controllers\Jadwal->store()
11 SYSTEMPATH\CodeIgniter.php(497): CodeIgniter\CodeIgniter->runController(Object(App\Controllers\Jadwal))
12 SYSTEMPATH\CodeIgniter.php(340): CodeIgniter\CodeIgniter->handleRequest(null, Object(Config\Cache), false)
13 SYSTEMPATH\Boot.php(417): CodeIgniter\CodeIgniter->run()
14 SYSTEMPATH\Boot.php(68): CodeIgniter\Boot::runCodeIgniter(Object(CodeIgniter\CodeIgniter))
15 FCPATH\index.php(59): CodeIgniter\Boot::bootWeb(Object(Config\Paths))
16 SYSTEMPATH\rewrite.php(44): require_once('C:\\xampp\\htdocs\\tugas_sosmed\\public\\index.php')
DEBUG - 2026-03-07 02:25:49 --> Session: Class initialized using 'CodeIgniter\Session\Handlers\FileHandler' driver.
DEBUG - 2026-03-07 02:33:37 --> Session: Class initialized using 'CodeIgniter\Session\Handlers\FileHandler' driver.
INFO - 2026-03-07 02:36:08 --> CSRF token verified.
DEBUG - 2026-03-07 02:36:08 --> Session: Class initialized using 'CodeIgniter\Session\Handlers\FileHandler' driver.
DEBUG - 2026-03-07 02:36:08 --> Session: Class initialized using 'CodeIgniter\Session\Handlers\FileHandler' driver.
DEBUG - 2026-03-07 02:38:48 --> Session: Class initialized using 'CodeIgniter\Session\Handlers\FileHandler' driver.
DEBUG - 2026-03-07 02:38:51 --> Session: Class initialized using 'CodeIgniter\Session\Handlers\FileHandler' driver.
DEBUG - 2026-03-07 02:45:31 --> Session: Class initialized using 'CodeIgniter\Session\Handlers\FileHandler' driver.
DEBUG - 2026-03-07 02:56:21 --> Session: Class initialized using 'CodeIgniter\Session\Handlers\FileHandler' driver.
DEBUG - 2026-03-07 02:56:25 --> Session: Class initialized using 'CodeIgniter\Session\Handlers\FileHandler' driver.
DEBUG - 2026-03-07 02:56:34 --> Session: Class initialized using 'CodeIgniter\Session\Handlers\FileHandler' driver.
INFO - 2026-03-07 02:58:47 --> CSRF token verified.
DEBUG - 2026-03-07 02:58:47 --> Session: Class initialized using 'CodeIgniter\Session\Handlers\FileHandler' driver.
DEBUG - 2026-03-07 02:58:47 --> Session: Class initialized using 'CodeIgniter\Session\Handlers\FileHandler' driver.
DEBUG - 2026-03-07 02:59:17 --> Session: Class initialized using 'CodeIgniter\Session\Handlers\FileHandler' driver.
DEBUG - 2026-03-07 03:04:08 --> Session: Class initialized using 'CodeIgniter\Session\Handlers\FileHandler' driver.
DEBUG - 2026-03-07 03:06:05 --> Session: Class initialized using 'CodeIgniter\Session\Handlers\FileHandler' driver.
DEBUG - 2026-03-07 03:06:13 --> Session: Class initialized using 'CodeIgniter\Session\Handlers\FileHandler' driver.
DEBUG - 2026-03-07 03:06:18 --> Session: Class initialized using 'CodeIgniter\Session\Handlers\FileHandler' driver.
DEBUG - 2026-03-07 03:06:26 --> Session: Class initialized using 'CodeIgniter\Session\Handlers\FileHandler' driver.
DEBUG - 2026-03-07 03:06:29 --> Session: Class initialized using 'CodeIgniter\Session\Handlers\FileHandler' driver.
DEBUG - 2026-03-07 03:06:34 --> Session: Class initialized using 'CodeIgniter\Session\Handlers\FileHandler' driver.
DEBUG - 2026-03-07 03:06:40 --> Session: Class initialized using 'CodeIgniter\Session\Handlers\FileHandler' driver.
DEBUG - 2026-03-07 03:06:42 --> Session: Class initialized using 'CodeIgniter\Session\Handlers\FileHandler' driver.
DEBUG - 2026-03-07 03:06:45 --> Session: Class initialized using 'CodeIgniter\Session\Handlers\FileHandler' driver.
DEBUG - 2026-03-07 03:07:30 --> Session: Class initialized using 'CodeIgniter\Session\Handlers\FileHandler' driver.
DEBUG - 2026-03-07 03:07:34 --> Session: Class initialized using 'CodeIgniter\Session\Handlers\FileHandler' driver.
DEBUG - 2026-03-07 03:07:53 --> Session: Class initialized using 'CodeIgniter\Session\Handlers\FileHandler' driver.
DEBUG - 2026-03-07 03:07:56 --> Session: Class initialized using 'CodeIgniter\Session\Handlers\FileHandler' driver.
DEBUG - 2026-03-07 03:08:20 --> Session: Class initialized using 'CodeIgniter\Session\Handlers\FileHandler' driver.
DEBUG - 2026-03-07 03:08:23 --> Session: Class initialized using 'CodeIgniter\Session\Handlers\FileHandler' driver.
DEBUG - 2026-03-07 03:08:25 --> Session: Class initialized using 'CodeIgniter\Session\Handlers\FileHandler' driver.
DEBUG - 2026-03-07 03:08:30 --> Session: Class initialized using 'CodeIgniter\Session\Handlers\FileHandler' driver.
DEBUG - 2026-03-07 03:08:33 --> Session: Class initialized using 'CodeIgniter\Session\Handlers\FileHandler' driver.
DEBUG - 2026-03-07 03:08:36 --> Session: Class initialized using 'CodeIgniter\Session\Handlers\FileHandler' driver.
DEBUG - 2026-03-07 03:08:41 --> Session: Class initialized using 'CodeIgniter\Session\Handlers\FileHandler' driver.
DEBUG - 2026-03-07 03:08:44 --> Session: Class initialized using 'CodeIgniter\Session\Handlers\FileHandler' driver.
DEBUG - 2026-03-07 03:15:29 --> Session: Class initialized using 'CodeIgniter\Session\Handlers\FileHandler' driver.
DEBUG - 2026-03-07 03:17:02 --> Session: Class initialized using 'CodeIgniter\Session\Handlers\FileHandler' driver.
DEBUG - 2026-03-07 03:17:12 --> Session: Class initialized using 'CodeIgniter\Session\Handlers\FileHandler' driver.
DEBUG - 2026-03-07 03:17:15 --> Session: Class initialized using 'CodeIgniter\Session\Handlers\FileHandler' driver.
DEBUG - 2026-03-07 03:17:20 --> Session: Class initialized using 'CodeIgniter\Session\Handlers\FileHandler' driver.
DEBUG - 2026-03-07 03:20:01 --> Session: Class initialized using 'CodeIgniter\Session\Handlers\FileHandler' driver.
DEBUG - 2026-03-07 03:22:10 --> Session: Class initialized using 'CodeIgniter\Session\Handlers\FileHandler' driver.
DEBUG - 2026-03-07 03:22:14 --> Session: Class initialized using 'CodeIgniter\Session\Handlers\FileHandler' driver.
DEBUG - 2026-03-07 03:22:18 --> Session: Class initialized using 'CodeIgniter\Session\Handlers\FileHandler' driver.
ERROR - 2026-03-07 03:30:31 --> You have an error in your SQL syntax; check the manual that corresponds to your MariaDB server version for the right syntax to use near 'ASC, "Senin" ASC, "Selasa" ASC, "Rabu" ASC, "Kamis" ASC, "Jumat" ASC, "Sabtu"...' at line 4
in SYSTEMPATH\Database\MySQLi\Connection.php on line 300.
 1 SYSTEMPATH\Database\MySQLi\Connection.php(300): mysqli->query('SELECT `jadwal_tugas`.*, `data_petugas`.`nama_petugas`
FROM `jadwal_tugas`
LEFT JOIN `data_petugas` ON `data_petugas`.`id_petugas` = `jadwal_tugas`.`id_petugas`
ORDER BY FIELD(hari_jadwal ASC, "Senin" ASC, "Selasa" ASC, "Rabu" ASC, "Kamis" ASC, "Jumat" ASC, "Sabtu" ASC, "Minggu") ASC, `jam_jadwal` ASC
 LIMIT 5', 0)
 2 SYSTEMPATH\Database\BaseConnection.php(769): CodeIgniter\Database\MySQLi\Connection->execute('SELECT `jadwal_tugas`.*, `data_petugas`.`nama_petugas`
FROM `jadwal_tugas`
LEFT JOIN `data_petugas` ON `data_petugas`.`id_petugas` = `jadwal_tugas`.`id_petugas`
ORDER BY FIELD(hari_jadwal ASC, "Senin" ASC, "Selasa" ASC, "Rabu" ASC, "Kamis" ASC, "Jumat" ASC, "Sabtu" ASC, "Minggu") ASC, `jam_jadwal` ASC
 LIMIT 5')
 3 SYSTEMPATH\Database\BaseConnection.php(686): CodeIgniter\Database\BaseConnection->simpleQuery('SELECT `jadwal_tugas`.*, `data_petugas`.`nama_petugas`
FROM `jadwal_tugas`
LEFT JOIN `data_petugas` ON `data_petugas`.`id_petugas` = `jadwal_tugas`.`id_petugas`
ORDER BY FIELD(hari_jadwal ASC, "Senin" ASC, "Selasa" ASC, "Rabu" ASC, "Kamis" ASC, "Jumat" ASC, "Sabtu" ASC, "Minggu") ASC, `jam_jadwal` ASC
 LIMIT 5')
 4 SYSTEMPATH\Database\BaseBuilder.php(1649): CodeIgniter\Database\BaseConnection->query('SELECT `jadwal_tugas`.*, `data_petugas`.`nama_petugas`
FROM `jadwal_tugas`
LEFT JOIN `data_petugas` ON `data_petugas`.`id_petugas` = `jadwal_tugas`.`id_petugas`
ORDER BY FIELD(hari_jadwal ASC, "Senin" ASC, "Selasa" ASC, "Rabu" ASC, "Kamis" ASC, "Jumat" ASC, "Sabtu" ASC, "Minggu") ASC, `jam_jadwal` ASC
 LIMIT 5', [...], false)
 5 SYSTEMPATH\Model.php(254): CodeIgniter\Database\BaseBuilder->get()
 6 SYSTEMPATH\BaseModel.php(675): CodeIgniter\Model->doFindAll(0, 0)
 7 APPPATH\Controllers\Home.php(54): CodeIgniter\BaseModel->findAll()
 8 SYSTEMPATH\CodeIgniter.php(951): App\Controllers\Home->index()
 9 SYSTEMPATH\CodeIgniter.php(497): CodeIgniter\CodeIgniter->runController(Object(App\Controllers\Home))
10 SYSTEMPATH\CodeIgniter.php(340): CodeIgniter\CodeIgniter->handleRequest(null, Object(Config\Cache), false)
11 SYSTEMPATH\Boot.php(417): CodeIgniter\CodeIgniter->run()
12 SYSTEMPATH\Boot.php(68): CodeIgniter\Boot::runCodeIgniter(Object(CodeIgniter\CodeIgniter))
13 FCPATH\index.php(59): CodeIgniter\Boot::bootWeb(Object(Config\Paths))
14 SYSTEMPATH\rewrite.php(44): require_once('C:\\xampp\\htdocs\\tugas_sosmed\\public\\index.php')
CRITICAL - 2026-03-07 03:30:31 --> CodeIgniter\Database\Exceptions\DatabaseException: You have an error in your SQL syntax; check the manual that corresponds to your MariaDB server version for the right syntax to use near 'ASC, "Senin" ASC, "Selasa" ASC, "Rabu" ASC, "Kamis" ASC, "Jumat" ASC, "Sabtu"...' at line 4
[Method: GET, Route: /]
in SYSTEMPATH\Database\BaseConnection.php on line 724.
 1 SYSTEMPATH\Database\BaseBuilder.php(1649): CodeIgniter\Database\BaseConnection->query('SELECT `jadwal_tugas`.*, `data_petugas`.`nama_petugas`
FROM `jadwal_tugas`
LEFT JOIN `data_petugas` ON `data_petugas`.`id_petugas` = `jadwal_tugas`.`id_petugas`
ORDER BY FIELD(hari_jadwal ASC, "Senin" ASC, "Selasa" ASC, "Rabu" ASC, "Kamis" ASC, "Jumat" ASC, "Sabtu" ASC, "Minggu") ASC, `jam_jadwal` ASC
 LIMIT 5', [...], false)
 2 SYSTEMPATH\Model.php(254): CodeIgniter\Database\BaseBuilder->get()
 3 SYSTEMPATH\BaseModel.php(675): CodeIgniter\Model->doFindAll(0, 0)
 4 APPPATH\Controllers\Home.php(54): CodeIgniter\BaseModel->findAll()
 5 SYSTEMPATH\CodeIgniter.php(951): App\Controllers\Home->index()
 6 SYSTEMPATH\CodeIgniter.php(497): CodeIgniter\CodeIgniter->runController(Object(App\Controllers\Home))
 7 SYSTEMPATH\CodeIgniter.php(340): CodeIgniter\CodeIgniter->handleRequest(null, Object(Config\Cache), false)
 8 SYSTEMPATH\Boot.php(417): CodeIgniter\CodeIgniter->run()
 9 SYSTEMPATH\Boot.php(68): CodeIgniter\Boot::runCodeIgniter(Object(CodeIgniter\CodeIgniter))
10 FCPATH\index.php(59): CodeIgniter\Boot::bootWeb(Object(Config\Paths))
11 SYSTEMPATH\rewrite.php(44): require_once('C:\\xampp\\htdocs\\tugas_sosmed\\public\\index.php')
CRITICAL - 2026-03-07 03:30:31 --> [Caused by] CodeIgniter\Database\Exceptions\DatabaseException: You have an error in your SQL syntax; check the manual that corresponds to your MariaDB server version for the right syntax to use near 'ASC, "Senin" ASC, "Selasa" ASC, "Rabu" ASC, "Kamis" ASC, "Jumat" ASC, "Sabtu"...' at line 4
in SYSTEMPATH\Database\MySQLi\Connection.php on line 310.
 1 SYSTEMPATH\Database\BaseConnection.php(769): CodeIgniter\Database\MySQLi\Connection->execute('SELECT `jadwal_tugas`.*, `data_petugas`.`nama_petugas`
FROM `jadwal_tugas`
LEFT JOIN `data_petugas` ON `data_petugas`.`id_petugas` = `jadwal_tugas`.`id_petugas`
ORDER BY FIELD(hari_jadwal ASC, "Senin" ASC, "Selasa" ASC, "Rabu" ASC, "Kamis" ASC, "Jumat" ASC, "Sabtu" ASC, "Minggu") ASC, `jam_jadwal` ASC
 LIMIT 5')
 2 SYSTEMPATH\Database\BaseConnection.php(686): CodeIgniter\Database\BaseConnection->simpleQuery('SELECT `jadwal_tugas`.*, `data_petugas`.`nama_petugas`
FROM `jadwal_tugas`
LEFT JOIN `data_petugas` ON `data_petugas`.`id_petugas` = `jadwal_tugas`.`id_petugas`
ORDER BY FIELD(hari_jadwal ASC, "Senin" ASC, "Selasa" ASC, "Rabu" ASC, "Kamis" ASC, "Jumat" ASC, "Sabtu" ASC, "Minggu") ASC, `jam_jadwal` ASC
 LIMIT 5')
 3 SYSTEMPATH\Database\BaseBuilder.php(1649): CodeIgniter\Database\BaseConnection->query('SELECT `jadwal_tugas`.*, `data_petugas`.`nama_petugas`
FROM `jadwal_tugas`
LEFT JOIN `data_petugas` ON `data_petugas`.`id_petugas` = `jadwal_tugas`.`id_petugas`
ORDER BY FIELD(hari_jadwal ASC, "Senin" ASC, "Selasa" ASC, "Rabu" ASC, "Kamis" ASC, "Jumat" ASC, "Sabtu" ASC, "Minggu") ASC, `jam_jadwal` ASC
 LIMIT 5', [...], false)
 4 SYSTEMPATH\Model.php(254): CodeIgniter\Database\BaseBuilder->get()
 5 SYSTEMPATH\BaseModel.php(675): CodeIgniter\Model->doFindAll(0, 0)
 6 APPPATH\Controllers\Home.php(54): CodeIgniter\BaseModel->findAll()
 7 SYSTEMPATH\CodeIgniter.php(951): App\Controllers\Home->index()
 8 SYSTEMPATH\CodeIgniter.php(497): CodeIgniter\CodeIgniter->runController(Object(App\Controllers\Home))
 9 SYSTEMPATH\CodeIgniter.php(340): CodeIgniter\CodeIgniter->handleRequest(null, Object(Config\Cache), false)
10 SYSTEMPATH\Boot.php(417): CodeIgniter\CodeIgniter->run()
11 SYSTEMPATH\Boot.php(68): CodeIgniter\Boot::runCodeIgniter(Object(CodeIgniter\CodeIgniter))
12 FCPATH\index.php(59): CodeIgniter\Boot::bootWeb(Object(Config\Paths))
13 SYSTEMPATH\rewrite.php(44): require_once('C:\\xampp\\htdocs\\tugas_sosmed\\public\\index.php')
CRITICAL - 2026-03-07 03:30:31 --> [Caused by] mysqli_sql_exception: You have an error in your SQL syntax; check the manual that corresponds to your MariaDB server version for the right syntax to use near 'ASC, "Senin" ASC, "Selasa" ASC, "Rabu" ASC, "Kamis" ASC, "Jumat" ASC, "Sabtu"...' at line 4
in SYSTEMPATH\Database\MySQLi\Connection.php on line 300.
 1 SYSTEMPATH\Database\MySQLi\Connection.php(300): mysqli->query('SELECT `jadwal_tugas`.*, `data_petugas`.`nama_petugas`
FROM `jadwal_tugas`
LEFT JOIN `data_petugas` ON `data_petugas`.`id_petugas` = `jadwal_tugas`.`id_petugas`
ORDER BY FIELD(hari_jadwal ASC, "Senin" ASC, "Selasa" ASC, "Rabu" ASC, "Kamis" ASC, "Jumat" ASC, "Sabtu" ASC, "Minggu") ASC, `jam_jadwal` ASC
 LIMIT 5', 0)
 2 SYSTEMPATH\Database\BaseConnection.php(769): CodeIgniter\Database\MySQLi\Connection->execute('SELECT `jadwal_tugas`.*, `data_petugas`.`nama_petugas`
FROM `jadwal_tugas`
LEFT JOIN `data_petugas` ON `data_petugas`.`id_petugas` = `jadwal_tugas`.`id_petugas`
ORDER BY FIELD(hari_jadwal ASC, "Senin" ASC, "Selasa" ASC, "Rabu" ASC, "Kamis" ASC, "Jumat" ASC, "Sabtu" ASC, "Minggu") ASC, `jam_jadwal` ASC
 LIMIT 5')
 3 SYSTEMPATH\Database\BaseConnection.php(686): CodeIgniter\Database\BaseConnection->simpleQuery('SELECT `jadwal_tugas`.*, `data_petugas`.`nama_petugas`
FROM `jadwal_tugas`
LEFT JOIN `data_petugas` ON `data_petugas`.`id_petugas` = `jadwal_tugas`.`id_petugas`
ORDER BY FIELD(hari_jadwal ASC, "Senin" ASC, "Selasa" ASC, "Rabu" ASC, "Kamis" ASC, "Jumat" ASC, "Sabtu" ASC, "Minggu") ASC, `jam_jadwal` ASC
 LIMIT 5')
 4 SYSTEMPATH\Database\BaseBuilder.php(1649): CodeIgniter\Database\BaseConnection->query('SELECT `jadwal_tugas`.*, `data_petugas`.`nama_petugas`
FROM `jadwal_tugas`
LEFT JOIN `data_petugas` ON `data_petugas`.`id_petugas` = `jadwal_tugas`.`id_petugas`
ORDER BY FIELD(hari_jadwal ASC, "Senin" ASC, "Selasa" ASC, "Rabu" ASC, "Kamis" ASC, "Jumat" ASC, "Sabtu" ASC, "Minggu") ASC, `jam_jadwal` ASC
 LIMIT 5', [...], false)
 5 SYSTEMPATH\Model.php(254): CodeIgniter\Database\BaseBuilder->get()
 6 SYSTEMPATH\BaseModel.php(675): CodeIgniter\Model->doFindAll(0, 0)
 7 APPPATH\Controllers\Home.php(54): CodeIgniter\BaseModel->findAll()
 8 SYSTEMPATH\CodeIgniter.php(951): App\Controllers\Home->index()
 9 SYSTEMPATH\CodeIgniter.php(497): CodeIgniter\CodeIgniter->runController(Object(App\Controllers\Home))
10 SYSTEMPATH\CodeIgniter.php(340): CodeIgniter\CodeIgniter->handleRequest(null, Object(Config\Cache), false)
11 SYSTEMPATH\Boot.php(417): CodeIgniter\CodeIgniter->run()
12 SYSTEMPATH\Boot.php(68): CodeIgniter\Boot::runCodeIgniter(Object(CodeIgniter\CodeIgniter))
13 FCPATH\index.php(59): CodeIgniter\Boot::bootWeb(Object(Config\Paths))
14 SYSTEMPATH\rewrite.php(44): require_once('C:\\xampp\\htdocs\\tugas_sosmed\\public\\index.php')
DEBUG - 2026-03-07 03:39:37 --> Session: Class initialized using 'CodeIgniter\Session\Handlers\FileHandler' driver.
DEBUG - 2026-03-07 03:39:40 --> Session: Class initialized using 'CodeIgniter\Session\Handlers\FileHandler' driver.
DEBUG - 2026-03-07 03:39:42 --> Session: Class initialized using 'CodeIgniter\Session\Handlers\FileHandler' driver.
DEBUG - 2026-03-07 03:39:44 --> Session: Class initialized using 'CodeIgniter\Session\Handlers\FileHandler' driver.
DEBUG - 2026-03-07 03:39:46 --> Session: Class initialized using 'CodeIgniter\Session\Handlers\FileHandler' driver.
DEBUG - 2026-03-07 03:39:48 --> Session: Class initialized using 'CodeIgniter\Session\Handlers\FileHandler' driver.
DEBUG - 2026-03-07 03:39:57 --> Session: Class initialized using 'CodeIgniter\Session\Handlers\FileHandler' driver.
DEBUG - 2026-03-07 03:42:45 --> Session: Class initialized using 'CodeIgniter\Session\Handlers\FileHandler' driver.
DEBUG - 2026-03-07 03:42:50 --> Session: Class initialized using 'CodeIgniter\Session\Handlers\FileHandler' driver.
DEBUG - 2026-03-07 03:42:54 --> Session: Class initialized using 'CodeIgniter\Session\Handlers\FileHandler' driver.
DEBUG - 2026-03-07 03:42:57 --> Session: Class initialized using 'CodeIgniter\Session\Handlers\FileHandler' driver.
DEBUG - 2026-03-07 03:43:00 --> Session: Class initialized using 'CodeIgniter\Session\Handlers\FileHandler' driver.
